BOING!  The coordinate (1157, 1918) does not correspond to a key.
Beep.  The key selected at coordinate (351, 1718) had "F" on it.
Beep.  The key selected at coordinate (458, 1830) had "F" on it.
BOING!  The coordinate (1752, 396) does not correspond to a key.

Beep.  The key selected at coordinate (1227, 731) had "Z" on it.
BOING!  The coordinate (854, 2153) does not correspond to a key.
BOING!  The coordinate (2067, 2246) does not correspond to a key.
Beep.  The key selected at coordinate (1184, 656) had "Z" on it.
Beep.  The key selected at coordinate (1250, 641) had "Z" on it.
Beep.  The key selected at coordinate (551, 573) had "A" on it.

BOING!  The coordinate (1320, 1208) does not correspond to a key.
BOING!  The coordinate (750, 1487) does not correspond to a key.
Beep.  The key selected at coordinate (408, 566) had "W" on it.
BOING!  The coordinate (987, 218) does not correspond to a key.
Beep.  The key selected at coordinate (387, 384) had "W" on it.
Beep.  The key selected at coordinate (417, 418) had "W" on it.
BOING!  The coordinate (1952, 1922) does not correspond to a key.
Beep.  The key selected at coordinate (433, 476) had "W" on it.

Beep.  The key selected at coordinate (615, 1538) had "Q" on it.
Beep.  The key selected at coordinate (855, 1470) had "Q" on it.
BOING!  The coordinate (1613, 635) does not correspond to a key.
BOING!  The coordinate (104, 2040) does not correspond to a key.
BOING!  The coordinate (2422, 1329) does not correspond to a key.

Beep.  The key selected at coordinate (1243, 1255) had "F" on it.
Beep.  The key selected at coordinate (2020, 1074) had "G" on it.
BOING!  The coordinate (890, 911) does not correspond to a key.
Beep.  The key selected at coordinate (1191, 1238) had "F" on it.
Beep.  The key selected at coordinate (1245, 1093) had "F" on it.
Beep.  The key selected at coordinate (1119, 1197) had "F" on it.

BOING!  The coordinate (694, 2463) does not correspond to a key.
BOING!  The coordinate (340, 1741) does not correspond to a key.
Beep.  The key selected at coordinate (2151, 1021) had "Q" on it.
Beep.  The key selected at coordinate (1976, 861) had "Q" on it.
Beep.  The key selected at coordinate (1980, 1081) had "Q" on it.

BOING!  The coordinate (2281, 2166) does not correspond to a key.
Beep.  The key selected at coordinate (2083, 1206) had "L" on it.
Beep.  The key selected at coordinate (90, 1195) had "Q" on it.

Beep.  The key selected at coordinate (1338, 601) had "N" on it.
BOING!  The coordinate (1047, 1155) does not correspond to a key.
Beep.  The key selected at coordinate (1437, 613) had "N" on it.
BOING!  The coordinate (388, 698) does not correspond to a key.
Beep.  The key selected at coordinate (1339, 644) had "N" on it.
BOING!  The coordinate (2481, 9) does not correspond to a key.
Beep.  The key selected at coordinate (1495, 718) had "N" on it.
Beep.  The key selected at coordinate (1486, 695) had "N" on it.
Beep.  The key selected at coordinate (1473, 558) had "N" on it.
Beep.  The key selected at coordinate (1487, 581) had "N" on it.
BOING!  The coordinate (999, 919) does not correspond to a key.
Beep.  The key selected at coordinate (1492, 705) had "N" on it.
BOING!  The coordinate (817, 823) does not correspond to a key.
Beep.  The key selected at coordinate (1417, 735) had "N" on it.
Beep.  The key selected at coordinate (1402, 590) had "N" on it.
BOING!  The coordinate (206, 2091) does not correspond to a key.
BOING!  The coordinate (1025, 1787) does not correspond to a key.
Beep.  The key selected at coordinate (1520, 678) had "N" on it.
BOING!  The coordinate (2101, 396) does not correspond to a key.

BOING!  The coordinate (2257, 2194) does not correspond to a key.
BOING!  The coordinate (1367, 1737) does not correspond to a key.
BOING!  The coordinate (1409, 1391) does not correspond to a key.
BOING!  The coordinate (439, 644) does not correspond to a key.
Beep.  The key selected at coordinate (948, 706) had "M" on it.
Beep.  The key selected at coordinate (1035, 612) had "M" on it.
Beep.  The key selected at coordinate (892, 600) had "M" on it.
BOING!  The coordinate (1518, 1559) does not correspond to a key.
Beep.  The key selected at coordinate (697, 1591) had "T" on it.
Beep.  The key selected at coordinate (955, 716) had "M" on it.
Beep.  The key selected at coordinate (1771, 1673) had "Y" on it.

Beep.  The key selected at coordinate (487, 303) had "J" on it.

Beep.  The key selected at coordinate (1664, 1342) had "P" on it.
BOING!  The coordinate (298, 1396) does not correspond to a key.
Beep.  The key selected at coordinate (270, 499) had "L" on it.
BOING!  The coordinate (1909, 1955) does not correspond to a key.
Beep.  The key selected at coordinate (1118, 1091) had "B" on it.
Beep.  The key selected at coordinate (435, 623) had "L" on it.
Beep.  The key selected at coordinate (1901, 1308) had "P" on it.
BOING!  The coordinate (2017, 1544) does not correspond to a key.
BOING!  The coordinate (211, 42) does not correspond to a key.
BOING!  The coordinate (160, 356) does not correspond to a key.
BOING!  The coordinate (935, 728) does not correspond to a key.
BOING!  The coordinate (743, 1553) does not correspond to a key.
Beep.  The key selected at coordinate (1256, 997) had "B" on it.

BOING!  The coordinate (701, 1366) does not correspond to a key.
Beep.  The key selected at coordinate (967, 220) had "V" on it.
Beep.  The key selected at coordinate (893, 430) had "V" on it.
Beep.  The key selected at coordinate (608, 900) had "B" on it.
BOING!  The coordinate (1010, 8) does not correspond to a key.
BOING!  The coordinate (978, 1227) does not correspond to a key.
BOING!  The coordinate (2349, 1795) does not correspond to a key.
Beep.  The key selected at coordinate (469, 868) had "B" on it.
Beep.  The key selected at coordinate (1644, 2251) had "J" on it.
Beep.  The key selected at coordinate (591, 850) had "B" on it.
Beep.  The key selected at coordinate (552, 1001) had "B" on it.
Beep.  The key selected at coordinate (524, 987) had "B" on it.
BOING!  The coordinate (2039, 1699) does not correspond to a key.
BOING!  The coordinate (1997, 54) does not correspond to a key.
Beep.  The key selected at coordinate (956, 262) had "V" on it.
Beep.  The key selected at coordinate (1805, 2233) had "J" on it.
BOING!  The coordinate (61, 24) does not correspond to a key.
BOING!  The coordinate (708, 354) does not correspond to a key.
Beep.  The key selected at coordinate (1700, 2198) had "J" on it.
Beep.  The key selected at coordinate (599, 811) had "B" on it.
Beep.  The key selected at coordinate (1924, 797) had "C" on it.

Beep.  The key selected at coordinate (400, 1207) had "A" on it.
Beep.  The key selected at coordinate (2360, 1114) had "V" on it.
Beep.  The key selected at coordinate (128, 2116) had "E" on it.
Beep.  The key selected at coordinate (1493, 476) had "K" on it.
Beep.  The key selected at coordinate (1508, 482) had "K" on it.
BOING!  The coordinate (1642, 195) does not correspond to a key.
Beep.  The key selected at coordinate (535, 2195) had "P" on it.
BOING!  The coordinate (135, 952) does not correspond to a key.
Beep.  The key selected at coordinate (517, 1230) had "A" on it.
Beep.  The key selected at coordinate (249, 2122) had "E" on it.

Beep.  The key selected at coordinate (1453, 2366) had "A" on it.
BOING!  The coordinate (113, 1656) does not correspond to a key.
Beep.  The key selected at coordinate (2311, 993) had "P" on it.
Beep.  The key selected at coordinate (1638, 1227) had "F" on it.
Beep.  The key selected at coordinate (1643, 998) had "F" on it.
Beep.  The key selected at coordinate (2405, 1031) had "P" on it.
BOING!  The coordinate (770, 2409) does not correspond to a key.
BOING!  The coordinate (1608, 237) does not correspond to a key.
BOING!  The coordinate (1926, 638) does not correspond to a key.
Beep.  The key selected at coordinate (1545, 1247) had "F" on it.
BOING!  The coordinate (2306, 424) does not correspond to a key.
Beep.  The key selected at coordinate (1828, 987) had "V" on it.
Beep.  The key selected at coordinate (1444, 2248) had "A" on it.
Beep.  The key selected at coordinate (2366, 1175) had "P" on it.
BOING!  The coordinate (2089, 1641) does not correspond to a key.
Beep.  The key selected at coordinate (1391, 2301) had "A" on it.
Beep.  The key selected at coordinate (456, 1332) had "J" on it.
BOING!  The coordinate (60, 2123) does not correspond to a key.
Beep.  The key selected at coordinate (1426, 2178) had "A" on it.
BOING!  The coordinate (836, 1344) does not correspond to a key.
BOING!  The coordinate (1575, 771) does not correspond to a key.
BOING!  The coordinate (1256, 1625) does not correspond to a key.
BOING!  The coordinate (67, 506) does not correspond to a key.
BOING!  The coordinate (418, 2330) does not correspond to a key.
BOING!  The coordinate (113, 1447) does not correspond to a key.
Beep.  The key selected at coordinate (576, 2260) had "D" on it.
BOING!  The coordinate (1630, 2278) does not correspond to a key.
Beep.  The key selected at coordinate (555, 1322) had "J" on it.

Beep.  The key selected at coordinate (475, 1886) had "F" on it.
Beep.  The key selected at coordinate (352, 463) had "J" on it.
Beep.  The key selected at coordinate (359, 426) had "J" on it.
Beep.  The key selected at coordinate (561, 1706) had "F" on it.
BOING!  The coordinate (1827, 2091) does not correspond to a key.
BOING!  The coordinate (356, 1400) does not correspond to a key.
Beep.  The key selected at coordinate (330, 317) had "J" on it.
BOING!  The coordinate (1886, 1262) does not correspond to a key.
BOING!  The coordinate (2478, 11) does not correspond to a key.
Beep.  The key selected at coordinate (488, 1703) had "F" on it.
BOING!  The coordinate (313, 1282) does not correspond to a key.
BOING!  The coordinate (2258, 497) does not correspond to a key.
Beep.  The key selected at coordinate (449, 1651) had "F" on it.
BOING!  The coordinate (84, 1390) does not correspond to a key.
Beep.  The key selected at coordinate (262, 297) had "J" on it.
BOING!  The coordinate (1023, 2219) does not correspond to a key.
BOING!  The coordinate (823, 2471) does not correspond to a key.
Beep.  The key selected at coordinate (643, 1659) had "F" on it.
BOING!  The coordinate (1088, 874) does not correspond to a key.
BOING!  The coordinate (2059, 1936) does not correspond to a key.
Beep.  The key selected at coordinate (462, 1756) had "F" on it.
BOING!  The coordinate (988, 1186) does not correspond to a key.
BOING!  The coordinate (1905, 1077) does not correspond to a key.
Beep.  The key selected at coordinate (505, 1651) had "F" on it.
Beep.  The key selected at coordinate (641, 1844) had "F" on it.
BOING!  The coordinate (2106, 319) does not correspond to a key.

BOING!  The coordinate (344, 1906) does not correspond to a key.
BOING!  The coordinate (1313, 2399) does not correspond to a key.
BOING!  The coordinate (873, 929) does not correspond to a key.
BOING!  The coordinate (915, 1666) does not correspond to a key.
BOING!  The coordinate (2119, 2171) does not correspond to a key.
Beep.  The key selected at coordinate (1405, 1313) had "F" on it.
BOING!  The coordinate (2264, 2039) does not correspond to a key.
Beep.  The key selected at coordinate (1378, 1236) had "F" on it.
BOING!  The coordinate (2351, 1630) does not correspond to a key.
BOING!  The coordinate (1399, 551) does not correspond to a key.
BOING!  The coordinate (2098, 1321) does not correspond to a key.
Beep.  The key selected at coordinate (350, 63) had "A" on it.
BOING!  The coordinate (245, 1438) does not correspond to a key.
Beep.  The key selected at coordinate (347, 175) had "A" on it.
BOING!  The coordinate (1808, 1370) does not correspond to a key.
BOING!  The coordinate (1730, 2058) does not correspond to a key.
Beep.  The key selected at coordinate (263, 190) had "A" on it.
Beep.  The key selected at coordinate (1707, 1049) had "P" on it.
BOING!  The coordinate (2278, 1518) does not correspond to a key.
Beep.  The key selected at coordinate (751, 1975) had "S" on it.
BOING!  The coordinate (317, 958) does not correspond to a key.
Beep.  The key selected at coordinate (1914, 2297) had "N" on it.
Beep.  The key selected at coordinate (220, 153) had "A" on it.
BOING!  The coordinate (2041, 712) does not correspond to a key.
BOING!  The coordinate (1297, 2416) does not correspond to a key.
BOING!  The coordinate (2489, 2386) does not correspond to a key.
BOING!  The coordinate (373, 1188) does not correspond to a key.
Beep.  The key selected at coordinate (2103, 2401) had "N" on it.
BOING!  The coordinate (1776, 2298) does not correspond to a key.
BOING!  The coordinate (1000, 2137) does not correspond to a key.

BOING!  The coordinate (2067, 1433) does not correspond to a key.
Beep.  The key selected at coordinate (884, 743) had "A" on it.
BOING!  The coordinate (2351, 263) does not correspond to a key.
Beep.  The key selected at coordinate (1780, 326) had "P" on it.
BOING!  The coordinate (2340, 2193) does not correspond to a key.
BOING!  The coordinate (857, 2016) does not correspond to a key.
Beep.  The key selected at coordinate (1506, 264) had "L" on it.
BOING!  The coordinate (1392, 1792) does not correspond to a key.
BOING!  The coordinate (659, 325) does not correspond to a key.
Beep.  The key selected at coordinate (1534, 53) had "L" on it.
Beep.  The key selected at coordinate (1663, 179) had "L" on it.
BOING!  The coordinate (1597, 1593) does not correspond to a key.
Beep.  The key selected at coordinate (1521, 609) had "V" on it.
BOING!  The coordinate (1091, 116) does not correspond to a key.
BOING!  The coordinate (449, 1289) does not correspond to a key.
BOING!  The coordinate (2007, 1407) does not correspond to a key.
BOING!  The coordinate (570, 1497) does not correspond to a key.
BOING!  The coordinate (2104, 609) does not correspond to a key.
Beep.  The key selected at coordinate (1649, 470) had "P" on it.
BOING!  The coordinate (1922, 667) does not correspond to a key.

Beep.  The key selected at coordinate (1313, 1320) had "N" on it.
Beep.  The key selected at coordinate (1411, 2208) had "F" on it.
BOING!  The coordinate (1514, 999) does not correspond to a key.
BOING!  The coordinate (1972, 510) does not correspond to a key.
BOING!  The coordinate (328, 1303) does not correspond to a key.
BOING!  The coordinate (1002, 413) does not correspond to a key.
BOING!  The coordinate (656, 2168) does not correspond to a key.
BOING!  The coordinate (2087, 1794) does not correspond to a key.
Beep.  The key selected at coordinate (1448, 1877) had "V" on it.
Beep.  The key selected at coordinate (1528, 1378) had "N" on it.
Beep.  The key selected at coordinate (1510, 1064) had "P" on it.

Beep.  The key selected at coordinate (397, 187) had "L" on it.
BOING!  The coordinate (595, 1119) does not correspond to a key.
BOING!  The coordinate (1740, 1621) does not correspond to a key.
BOING!  The coordinate (1582, 535) does not correspond to a key.
Beep.  The key selected at coordinate (2392, 845) had "G" on it.
Beep.  The key selected at coordinate (771, 369) had "K" on it.
BOING!  The coordinate (2034, 532) does not correspond to a key.
Beep.  The key selected at coordinate (2366, 833) had "G" on it.
BOING!  The coordinate (2142, 1400) does not correspond to a key.
BOING!  The coordinate (2145, 1935) does not correspond to a key.
Beep.  The key selected at coordinate (264, 246) had "L" on it.

BOING!  The coordinate (1587, 642) does not correspond to a key.
BOING!  The coordinate (986, 2272) does not correspond to a key.
BOING!  The coordinate (332, 2465) does not correspond to a key.
Beep.  The key selected at coordinate (1429, 1799) had "F" on it.
Beep.  The key selected at coordinate (827, 1434) had "G" on it.
Beep.  The key selected at coordinate (817, 1476) had "G" on it.
Beep.  The key selected at coordinate (1222, 1678) had "F" on it.
BOING!  The coordinate (1598, 2361) does not correspond to a key.
BOING!  The coordinate (2201, 881) does not correspond to a key.
BOING!  The coordinate (1597, 1804) does not correspond to a key.
Beep.  The key selected at coordinate (1444, 1812) had "F" on it.
BOING!  The coordinate (2196, 396) does not correspond to a key.
BOING!  The coordinate (1890, 1745) does not correspond to a key.
Beep.  The key selected at coordinate (826, 1360) had "G" on it.
BOING!  The coordinate (1757, 986) does not correspond to a key.
Beep.  The key selected at coordinate (850, 1469) had "G" on it.
BOING!  The coordinate (2349, 984) does not correspond to a key.
Beep.  The key selected at coordinate (943, 1422) had "G" on it.
Beep.  The key selected at coordinate (867, 1444) had "G" on it.
BOING!  The coordinate (27, 95) does not correspond to a key.
BOING!  The coordinate (730, 636) does not correspond to a key.
BOING!  The coordinate (1630, 1165) does not correspond to a key.
Beep.  The key selected at coordinate (1237, 1693) had "F" on it.
Beep.  The key selected at coordinate (1239, 1830) had "F" on it.
BOING!  The coordinate (74, 2098) does not correspond to a key.
Beep.  The key selected at coordinate (1214, 1879) had "F" on it.
Beep.  The key selected at coordinate (1261, 1809) had "F" on it.
Beep.  The key selected at coordinate (887, 1292) had "G" on it.
Beep.  The key selected at coordinate (907, 1498) had "G" on it.
Beep.  The key selected at coordinate (1226, 1898) had "F" on it.
BOING!  The coordinate (251, 21) does not correspond to a key.
BOING!  The coordinate (2379, 2214) does not correspond to a key.

BOING!  The coordinate (1150, 2473) does not correspond to a key.
BOING!  The coordinate (736, 1538) does not correspond to a key.
BOING!  The coordinate (2382, 1655) does not correspond to a key.
Beep.  The key selected at coordinate (405, 1148) had "C" on it.
Beep.  The key selected at coordinate (2018, 1167) had "O" on it.
Beep.  The key selected at coordinate (361, 1145) had "C" on it.
BOING!  The coordinate (1931, 1780) does not correspond to a key.
Beep.  The key selected at coordinate (1086, 1099) had "F" on it.
BOING!  The coordinate (308, 409) does not correspond to a key.
BOING!  The coordinate (1867, 113) does not correspond to a key.
BOING!  The coordinate (2303, 941) does not correspond to a key.
BOING!  The coordinate (1581, 2236) does not correspond to a key.
Beep.  The key selected at coordinate (855, 1084) had "F" on it.
Beep.  The key selected at coordinate (190, 1772) had "K" on it.
BOING!  The coordinate (655, 2475) does not correspond to a key.
BOING!  The coordinate (1573, 2395) does not correspond to a key.
BOING!  The coordinate (1329, 99) does not correspond to a key.
BOING!  The coordinate (2240, 1183) does not correspond to a key.
BOING!  The coordinate (2242, 86) does not correspond to a key.
BOING!  The coordinate (1365, 308) does not correspond to a key.
BOING!  The coordinate (1684, 1356) does not correspond to a key.
BOING!  The coordinate (1420, 119) does not correspond to a key.
Beep.  The key selected at coordinate (281, 725) had "A" on it.
BOING!  The coordinate (1590, 527) does not correspond to a key.

Beep.  The key selected at coordinate (1688, 1112) had "C" on it.
BOING!  The coordinate (1771, 1906) does not correspond to a key.
Beep.  The key selected at coordinate (908, 552) had "G" on it.
Beep.  The key selected at coordinate (2485, 1792) had "F" on it.
BOING!  The coordinate (1267, 457) does not correspond to a key.
BOING!  The coordinate (119, 2030) does not correspond to a key.
Beep.  The key selected at coordinate (865, 522) had "G" on it.
BOING!  The coordinate (20, 2003) does not correspond to a key.
BOING!  The coordinate (1970, 516) does not correspond to a key.
Beep.  The key selected at coordinate (2258, 1796) had "F" on it.
Beep.  The key selected at coordinate (829, 527) had "G" on it.
BOING!  The coordinate (1983, 355) does not correspond to a key.
BOING!  The coordinate (1177, 410) does not correspond to a key.
BOING!  The coordinate (964, 171) does not correspond to a key.
BOING!  The coordinate (328, 1928) does not correspond to a key.
Beep.  The key selected at coordinate (238, 375) had "Z" on it.
BOING!  The coordinate (895, 1655) does not correspond to a key.
BOING!  The coordinate (905, 2332) does not correspond to a key.
BOING!  The coordinate (440, 27) does not correspond to a key.
Beep.  The key selected at coordinate (105, 431) had "Z" on it.
BOING!  The coordinate (2000, 1477) does not correspond to a key.
BOING!  The coordinate (306, 472) does not correspond to a key.
BOING!  The coordinate (1572, 97) does not correspond to a key.
BOING!  The coordinate (208, 1436) does not correspond to a key.
Beep.  The key selected at coordinate (758, 460) had "G" on it.
BOING!  The coordinate (2261, 1245) does not correspond to a key.
BOING!  The coordinate (1497, 661) does not correspond to a key.
Beep.  The key selected at coordinate (172, 528) had "Z" on it.
Beep.  The key selected at coordinate (1846, 1066) had "C" on it.
BOING!  The coordinate (1907, 1484) does not correspond to a key.
Beep.  The key selected at coordinate (859, 484) had "G" on it.
Beep.  The key selected at coordinate (1349, 1700) had "H" on it.
BOING!  The coordinate (1666, 1737) does not correspond to a key.
BOING!  The coordinate (2237, 552) does not correspond to a key.

Beep.  The key selected at coordinate (376, 1806) had "C" on it.
Beep.  The key selected at coordinate (1085, 601) had "Q" on it.
Beep.  The key selected at coordinate (1733, 202) had "A" on it.
BOING!  The coordinate (1448, 101) does not correspond to a key.
Beep.  The key selected at coordinate (1004, 666) had "Q" on it.
BOING!  The coordinate (2261, 731) does not correspond to a key.
Beep.  The key selected at coordinate (338, 1929) had "K" on it.
BOING!  The coordinate (2159, 1111) does not correspond to a key.
BOING!  The coordinate (834, 2330) does not correspond to a key.
BOING!  The coordinate (1880, 2219) does not correspond to a key.
Beep.  The key selected at coordinate (1672, 2159) had "O" on it.
Beep.  The key selected at coordinate (1448, 402) had "U" on it.
BOING!  The coordinate (2346, 1432) does not correspond to a key.
BOING!  The coordinate (1805, 1921) does not correspond to a key.
Beep.  The key selected at coordinate (566, 2310) had "B" on it.
Beep.  The key selected at coordinate (576, 2297) had "B" on it.
Beep.  The key selected at coordinate (512, 1703) had "C" on it.
Beep.  The key selected at coordinate (455, 2316) had "B" on it.
BOING!  The coordinate (338, 2099) does not correspond to a key.
Beep.  The key selected at coordinate (949, 416) had "F" on it.
Beep.  The key selected at coordinate (939, 747) had "Q" on it.
Beep.  The key selected at coordinate (1426, 588) had "U" on it.
Beep.  The key selected at coordinate (1794, 2244) had "O" on it.
BOING!  The coordinate (1534, 1653) does not correspond to a key.
Beep.  The key selected at coordinate (367, 1657) had "C" on it.
Beep.  The key selected at coordinate (730, 378) had "F" on it.
Beep.  The key selected at coordinate (1804, 316) had "A" on it.
Beep.  The key selected at coordinate (798, 407) had "F" on it.
Beep.  The key selected at coordinate (423, 1725) had "C" on it.
BOING!  The coordinate (1282, 1623) does not correspond to a key.
BOING!  The coordinate (2066, 924) does not correspond to a key.
Beep.  The key selected at coordinate (364, 1790) had "C" on it.
Beep.  The key selected at coordinate (813, 502) had "F" on it.
Beep.  The key selected at coordinate (1461, 576) had "U" on it.
BOING!  The coordinate (1815, 1479) does not correspond to a key.
Beep.  The key selected at coordinate (340, 1814) had "C" on it.
BOING!  The coordinate (2254, 1203) does not correspond to a key.
BOING!  The coordinate (1305, 1817) does not correspond to a key.
BOING!  The coordinate (409, 1061) does not correspond to a key.
BOING!  The coordinate (2495, 2087) does not correspond to a key.
BOING!  The coordinate (636, 233) does not correspond to a key.
Beep.  The key selected at coordinate (469, 2271) had "B" on it.
Beep.  The key selected at coordinate (1570, 389) had "U" on it.

BOING!  The coordinate (796, 371) does not correspond to a key.
Beep.  The key selected at coordinate (465, 2223) had "A" on it.
BOING!  The coordinate (2120, 693) does not correspond to a key.
Beep.  The key selected at coordinate (897, 2027) had "H" on it.
BOING!  The coordinate (956, 649) does not correspond to a key.
Beep.  The key selected at coordinate (367, 278) had "E" on it.
Beep.  The key selected at coordinate (417, 2236) had "A" on it.
BOING!  The coordinate (929, 618) does not correspond to a key.
BOING!  The coordinate (1770, 452) does not correspond to a key.
BOING!  The coordinate (1322, 2219) does not correspond to a key.
BOING!  The coordinate (2168, 253) does not correspond to a key.
Beep.  The key selected at coordinate (362, 167) had "E" on it.
BOING!  The coordinate (2305, 854) does not correspond to a key.
Beep.  The key selected at coordinate (379, 296) had "E" on it.
BOING!  The coordinate (1661, 2215) does not correspond to a key.
Beep.  The key selected at coordinate (1787, 1409) had "G" on it.
BOING!  The coordinate (1398, 1945) does not correspond to a key.
Beep.  The key selected at coordinate (2025, 1057) had "B" on it.
Beep.  The key selected at coordinate (941, 1030) had "S" on it.
BOING!  The coordinate (2258, 557) does not correspond to a key.
BOING!  The coordinate (100, 2452) does not correspond to a key.
Beep.  The key selected at coordinate (2102, 1147) had "F" on it.
Beep.  The key selected at coordinate (2077, 1121) had "B" on it.
Beep.  The key selected at coordinate (2199, 1044) had "B" on it.
Beep.  The key selected at coordinate (2235, 997) had "B" on it.
Beep.  The key selected at coordinate (2355, 287) had "O" on it.

Beep.  The key selected at coordinate (1357, 1970) had "Q" on it.
Beep.  The key selected at coordinate (1222, 2368) had "G" on it.
Beep.  The key selected at coordinate (1246, 1940) had "Q" on it.
Beep.  The key selected at coordinate (35, 2348) had "E" on it.
BOING!  The coordinate (79, 429) does not correspond to a key.
Beep.  The key selected at coordinate (488, 471) had "P" on it.
BOING!  The coordinate (1504, 1525) does not correspond to a key.
Beep.  The key selected at coordinate (1199, 2402) had "G" on it.
BOING!  The coordinate (938, 1619) does not correspond to a key.
Beep.  The key selected at coordinate (1197, 2438) had "G" on it.
Beep.  The key selected at coordinate (193, 2178) had "E" on it.
BOING!  The coordinate (1663, 685) does not correspond to a key.
Beep.  The key selected at coordinate (1092, 2188) had "D" on it.
Beep.  The key selected at coordinate (96, 2300) had "E" on it.
BOING!  The coordinate (2399, 2065) does not correspond to a key.
Beep.  The key selected at coordinate (12, 2162) had "E" on it.
Beep.  The key selected at coordinate (1181, 2084) had "Q" on it.
Beep.  The key selected at coordinate (1290, 2122) had "Q" on it.
Beep.  The key selected at coordinate (631, 2182) had "V" on it.
BOING!  The coordinate (116, 1946) does not correspond to a key.
Beep.  The key selected at coordinate (1197, 2250) had "G" on it.
Beep.  The key selected at coordinate (1396, 2265) had "G" on it.
Beep.  The key selected at coordinate (1366, 2367) had "G" on it.
BOING!  The coordinate (2466, 142) does not correspond to a key.
Beep.  The key selected at coordinate (680, 2049) had "V" on it.
BOING!  The coordinate (1887, 1557) does not correspond to a key.
Beep.  The key selected at coordinate (338, 404) had "P" on it.
BOING!  The coordinate (1647, 141) does not correspond to a key.
BOING!  The coordinate (540, 1475) does not correspond to a key.
BOING!  The coordinate (2364, 1374) does not correspond to a key.
BOING!  The coordinate (2397, 156) does not correspond to a key.
BOING!  The coordinate (525, 726) does not correspond to a key.
Beep.  The key selected at coordinate (332, 498) had "P" on it.
Beep.  The key selected at coordinate (1325, 2156) had "Q" on it.
Beep.  The key selected at coordinate (1382, 2427) had "G" on it.
BOING!  The coordinate (238, 1986) does not correspond to a key.
BOING!  The coordinate (1112, 1836) does not correspond to a key.
BOING!  The coordinate (967, 1372) does not correspond to a key.
Beep.  The key selected at coordinate (46, 2377) had "E" on it.
Beep.  The key selected at coordinate (460, 420) had "P" on it.
BOING!  The coordinate (1794, 2149) does not correspond to a key.

Beep.  The key selected at coordinate (1821, 2222) had "C" on it.
BOING!  The coordinate (200, 1167) does not correspond to a key.
Beep.  The key selected at coordinate (1929, 2093) had "C" on it.
Beep.  The key selected at coordinate (628, 1099) had "I" on it.
Beep.  The key selected at coordinate (1918, 617) had "R" on it.
BOING!  The coordinate (1388, 1289) does not correspond to a key.
BOING!  The coordinate (2291, 353) does not correspond to a key.
BOING!  The coordinate (19, 1946) does not correspond to a key.
BOING!  The coordinate (2485, 525) does not correspond to a key.
BOING!  The coordinate (2271, 2071) does not correspond to a key.
Beep.  The key selected at coordinate (122, 897) had "H" on it.
Beep.  The key selected at coordinate (888, 1488) had "S" on it.
BOING!  The coordinate (2453, 2205) does not correspond to a key.
BOING!  The coordinate (2180, 131) does not correspond to a key.
BOING!  The coordinate (1590, 1781) does not correspond to a key.

Beep.  The key selected at coordinate (1685, 1614) had "I" on it.
BOING!  The coordinate (1313, 773) does not correspond to a key.
BOING!  The coordinate (2453, 2144) does not correspond to a key.
BOING!  The coordinate (568, 542) does not correspond to a key.
BOING!  The coordinate (1431, 1836) does not correspond to a key.
BOING!  The coordinate (1238, 1076) does not correspond to a key.
Beep.  The key selected at coordinate (1574, 1652) had "I" on it.
BOING!  The coordinate (668, 2124) does not correspond to a key.
BOING!  The coordinate (373, 1109) does not correspond to a key.
Beep.  The key selected at coordinate (1545, 1553) had "I" on it.
BOING!  The coordinate (829, 561) does not correspond to a key.
Beep.  The key selected at coordinate (1440, 1503) had "I" on it.
BOING!  The coordinate (1658, 1398) does not correspond to a key.
Beep.  The key selected at coordinate (1459, 1583) had "I" on it.
BOING!  The coordinate (675, 1277) does not correspond to a key.
Beep.  The key selected at coordinate (1646, 1704) had "I" on it.
BOING!  The coordinate (28, 1041) does not correspond to a key.
BOING!  The coordinate (1565, 2260) does not correspond to a key.
Beep.  The key selected at coordinate (1490, 1643) had "I" on it.
BOING!  The coordinate (1645, 1029) does not correspond to a key.
Beep.  The key selected at coordinate (1544, 1646) had "I" on it.
Beep.  The key selected at coordinate (1705, 1352) had "F" on it.
Beep.  The key selected at coordinate (1542, 1556) had "I" on it.
BOING!  The coordinate (1079, 1578) does not correspond to a key.
Beep.  The key selected at coordinate (672, 1139) had "O" on it.
Beep.  The key selected at coordinate (1756, 1212) had "F" on it.
Beep.  The key selected at coordinate (1774, 1261) had "F" on it.
BOING!  The coordinate (240, 343) does not correspond to a key.
Beep.  The key selected at coordinate (1545, 1486) had "I" on it.
BOING!  The coordinate (78, 2133) does not correspond to a key.
Beep.  The key selected at coordinate (1594, 1638) had "I" on it.
BOING!  The coordinate (1064, 1653) does not correspond to a key.
BOING!  The coordinate (555, 795) does not correspond to a key.
Beep.  The key selected at coordinate (592, 1062) had "O" on it.
Beep.  The key selected at coordinate (671, 1142) had "O" on it.
BOING!  The coordinate (1358, 1979) does not correspond to a key.
BOING!  The coordinate (2341, 1798) does not correspond to a key.
Beep.  The key selected at coordinate (1851, 1353) had "F" on it.
Beep.  The key selected at coordinate (497, 1106) had "O" on it.
BOING!  The coordinate (740, 1915) does not correspond to a key.
BOING!  The coordinate (158, 206) does not correspond to a key.
BOING!  The coordinate (2220, 1744) does not correspond to a key.
Beep.  The key selected at coordinate (1671, 1549) had "I" on it.
BOING!  The coordinate (2269, 758) does not correspond to a key.
BOING!  The coordinate (676, 486) does not correspond to a key.
BOING!  The coordinate (1405, 2082) does not correspond to a key.
Beep.  The key selected at coordinate (684, 985) had "O" on it.
BOING!  The coordinate (837, 1355) does not correspond to a key.
BOING!  The coordinate (1376, 335) does not correspond to a key.
BOING!  The coordinate (308, 2494) does not correspond to a key.
Beep.  The key selected at coordinate (1912, 1185) had "F" on it.
Beep.  The key selected at coordinate (1750, 1366) had "F" on it.
Beep.  The key selected at coordinate (1633, 1459) had "I" on it.

Beep.  The key selected at coordinate (804, 1081) had "I" on it.
BOING!  The coordinate (2427, 90) does not correspond to a key.
BOING!  The coordinate (1584, 2041) does not correspond to a key.
BOING!  The coordinate (2340, 155) does not correspond to a key.
BOING!  The coordinate (1100, 1201) does not correspond to a key.
Beep.  The key selected at coordinate (978, 1050) had "I" on it.
BOING!  The coordinate (750, 2238) does not correspond to a key.
Beep.  The key selected at coordinate (948, 955) had "I" on it.
Beep.  The key selected at coordinate (883, 1111) had "I" on it.
BOING!  The coordinate (2375, 1353) does not correspond to a key.
BOING!  The coordinate (1882, 2398) does not correspond to a key.
Beep.  The key selected at coordinate (954, 1056) had "I" on it.
Beep.  The key selected at coordinate (808, 1100) had "I" on it.
BOING!  The coordinate (208, 928) does not correspond to a key.
BOING!  The coordinate (2116, 2222) does not correspond to a key.
Beep.  The key selected at coordinate (886, 1033) had "I" on it.
Beep.  The key selected at coordinate (790, 1077) had "I" on it.
Beep.  The key selected at coordinate (855, 1103) had "I" on it.
Beep.  The key selected at coordinate (872, 1141) had "I" on it.
Beep.  The key selected at coordinate (990, 1037) had "I" on it.
Beep.  The key selected at coordinate (960, 946) had "I" on it.
Beep.  The key selected at coordinate (1035, 1047) had "I" on it.
BOING!  The coordinate (1466, 1909) does not correspond to a key.
BOING!  The coordinate (2398, 643) does not correspond to a key.
BOING!  The coordinate (978, 1202) does not correspond to a key.
Beep.  The key selected at coordinate (939, 1065) had "I" on it.
BOING!  The coordinate (1165, 2209) does not correspond to a key.
Beep.  The key selected at coordinate (924, 1163) had "I" on it.
BOING!  The coordinate (920, 2349) does not correspond to a key.
Beep.  The key selected at coordinate (950, 999) had "I" on it.
BOING!  The coordinate (1075, 10) does not correspond to a key.
BOING!  The coordinate (1624, 1419) does not correspond to a key.
Beep.  The key selected at coordinate (809, 1078) had "I" on it.
Beep.  The key selected at coordinate (968, 1040) had "I" on it.
BOING!  The coordinate (666, 393) does not correspond to a key.
Beep.  The key selected at coordinate (823, 1137) had "I" on it.
Beep.  The key selected at coordinate (906, 1033) had "I" on it.

Beep.  The key selected at coordinate (538, 2281) had "R" on it.
BOING!  The coordinate (699, 1124) does not correspond to a key.
BOING!  The coordinate (1138, 1874) does not correspond to a key.
BOING!  The coordinate (267, 1667) does not correspond to a key.
Beep.  The key selected at coordinate (1375, 1187) had "Z" on it.
BOING!  The coordinate (970, 2340) does not correspond to a key.

Beep.  The key selected at coordinate (1212, 1671) had "S" on it.
Beep.  The key selected at coordinate (820, 1735) had "P" on it.
Beep.  The key selected at coordinate (657, 963) had "T" on it.
Beep.  The key selected at coordinate (859, 1890) had "G" on it.

BOING!  The coordinate (1095, 2362) does not correspond to a key.
BOING!  The coordinate (2228, 1075) does not correspond to a key.
BOING!  The coordinate (1257, 1945) does not correspond to a key.
BOING!  The coordinate (319, 1484) does not correspond to a key.
BOING!  The coordinate (172, 983) does not correspond to a key.
BOING!  The coordinate (130, 1359) does not correspond to a key.
BOING!  The coordinate (1505, 74) does not correspond to a key.
Beep.  The key selected at coordinate (489, 528) had "I" on it.
Beep.  The key selected at coordinate (517, 1996) had "F" on it.
Beep.  The key selected at coordinate (1089, 822) had "K" on it.
BOING!  The coordinate (385, 1284) does not correspond to a key.
Beep.  The key selected at coordinate (1337, 2042) had "R" on it.
Beep.  The key selected at coordinate (1039, 562) had "M" on it.
BOING!  The coordinate (2081, 146) does not correspond to a key.
Beep.  The key selected at coordinate (2019, 1881) had "J" on it.
Beep.  The key selected at coordinate (406, 674) had "I" on it.
Beep.  The key selected at coordinate (1401, 483) had "L" on it.
BOING!  The coordinate (1200, 2055) does not correspond to a key.
Beep.  The key selected at coordinate (855, 591) had "M" on it.
Beep.  The key selected at coordinate (2268, 1953) had "H" on it.
Beep.  The key selected at coordinate (1942, 1767) had "J" on it.
BOING!  The coordinate (2382, 371) does not correspond to a key.
BOING!  The coordinate (1303, 2217) does not correspond to a key.
Beep.  The key selected at coordinate (807, 1311) had "W" on it.
Beep.  The key selected at coordinate (360, 2152) had "F" on it.
BOING!  The coordinate (1546, 1686) does not correspond to a key.
BOING!  The coordinate (1720, 695) does not correspond to a key.
Beep.  The key selected at coordinate (811, 1304) had "W" on it.
BOING!  The coordinate (2111, 2164) does not correspond to a key.
BOING!  The coordinate (1603, 2370) does not correspond to a key.
Beep.  The key selected at coordinate (887, 484) had "M" on it.

BOING!  The coordinate (406, 329) does not correspond to a key.
Beep.  The key selected at coordinate (1216, 1278) had "I" on it.
BOING!  The coordinate (608, 888) does not correspond to a key.
BOING!  The coordinate (2101, 1050) does not correspond to a key.
Beep.  The key selected at coordinate (1895, 1535) had "L" on it.
BOING!  The coordinate (789, 496) does not correspond to a key.
BOING!  The coordinate (452, 1209) does not correspond to a key.
Beep.  The key selected at coordinate (1235, 1053) had "O" on it.
Beep.  The key selected at coordinate (129, 269) had "B" on it.
Beep.  The key selected at coordinate (1890, 1624) had "L" on it.
BOING!  The coordinate (572, 2462) does not correspond to a key.
Beep.  The key selected at coordinate (1309, 1369) had "I" on it.
Beep.  The key selected at coordinate (1971, 1240) had "H" on it.
Beep.  The key selected at coordinate (2243, 1741) had "W" on it.
Beep.  The key selected at coordinate (2262, 991) had "K" on it.
Beep.  The key selected at coordinate (1298, 917) had "O" on it.
BOING!  The coordinate (899, 1098) does not correspond to a key.
Beep.  The key selected at coordinate (1967, 1752) had "L" on it.
Beep.  The key selected at coordinate (2266, 2041) had "G" on it.
Beep.  The key selected at coordinate (1751, 1633) had "V" on it.
BOING!  The coordinate (2118, 2255) does not correspond to a key.
Beep.  The key selected at coordinate (1762, 1543) had "V" on it.
BOING!  The coordinate (727, 266) does not correspond to a key.
Beep.  The key selected at coordinate (559, 878) had "E" on it.
BOING!  The coordinate (512, 611) does not correspond to a key.
BOING!  The coordinate (954, 2173) does not correspond to a key.
Beep.  The key selected at coordinate (2059, 1159) had "Z" on it.
Beep.  The key selected at coordinate (1886, 1737) had "L" on it.
Beep.  The key selected at coordinate (2213, 1236) had "Z" on it.
Beep.  The key selected at coordinate (1414, 1372) had "I" on it.
BOING!  The coordinate (1938, 2361) does not correspond to a key.
Beep.  The key selected at coordinate (1725, 1418) had "D" on it.
BOING!  The coordinate (627, 1974) does not correspond to a key.
Beep.  The key selected at coordinate (460, 2268) had "R" on it.
BOING!  The coordinate (374, 1895) does not correspond to a key.
Beep.  The key selected at coordinate (2160, 2169) had "G" on it.
BOING!  The coordinate (55, 1070) does not correspond to a key.
Beep.  The key selected at coordinate (2215, 1168) had "Z" on it.
Beep.  The key selected at coordinate (1249, 1009) had "O" on it.
BOING!  The coordinate (1275, 1836) does not correspond to a key.
Beep.  The key selected at coordinate (2109, 931) had "N" on it.
Beep.  The key selected at coordinate (2388, 1073) had "K" on it.
BOING!  The coordinate (1177, 2402) does not correspond to a key.
Beep.  The key selected at coordinate (1385, 1362) had "I" on it.
Beep.  The key selected at coordinate (1620, 1708) had "V" on it.
BOING!  The coordinate (1655, 1357) does not correspond to a key.
BOING!  The coordinate (1016, 919) does not correspond to a key.
Beep.  The key selected at coordinate (122, 342) had "B" on it.
BOING!  The coordinate (1934, 1191) does not correspond to a key.
Beep.  The key selected at coordinate (171, 397) had "B" on it.
Beep.  The key selected at coordinate (363, 842) had "E" on it.
Beep.  The key selected at coordinate (1899, 721) had "N" on it.
Beep.  The key selected at coordinate (1982, 1510) had "L" on it.
BOING!  The coordinate (1993, 2239) does not correspond to a key.
Beep.  The key selected at coordinate (1822, 2165) had "F" on it.
BOING!  The coordinate (149, 973) does not correspond to a key.
Beep.  The key selected at coordinate (2353, 881) had "K" on it.

Beep.  The key selected at coordinate (206, 495) had "Z" on it.
Beep.  The key selected at coordinate (315, 2094) had "X" on it.
BOING!  The coordinate (1216, 1924) does not correspond to a key.
BOING!  The coordinate (1667, 2097) does not correspond to a key.
BOING!  The coordinate (399, 1752) does not correspond to a key.
Beep.  The key selected at coordinate (2126, 1087) had "O" on it.
BOING!  The coordinate (207, 1475) does not correspond to a key.
Beep.  The key selected at coordinate (248, 734) had "Z" on it.
Beep.  The key selected at coordinate (364, 2123) had "X" on it.
BOING!  The coordinate (517, 567) does not correspond to a key.
BOING!  The coordinate (678, 1454) does not correspond to a key.
BOING!  The coordinate (2044, 796) does not correspond to a key.
BOING!  The coordinate (1566, 952) does not correspond to a key.
BOING!  The coordinate (2218, 2395) does not correspond to a key.

BOING!  The coordinate (649, 498) does not correspond to a key.
BOING!  The coordinate (1692, 1343) does not correspond to a key.
Beep.  The key selected at coordinate (1535, 992) had "J" on it.
BOING!  The coordinate (364, 1934) does not correspond to a key.
Beep.  The key selected at coordinate (1575, 800) had "J" on it.
Beep.  The key selected at coordinate (1250, 2267) had "F" on it.
Beep.  The key selected at coordinate (1415, 2173) had "F" on it.
Beep.  The key selected at coordinate (1608, 946) had "J" on it.
BOING!  The coordinate (1804, 2454) does not correspond to a key.
Beep.  The key selected at coordinate (1309, 881) had "R" on it.
Beep.  The key selected at coordinate (603, 1490) had "P" on it.
Beep.  The key selected at coordinate (1432, 2148) had "F" on it.
Beep.  The key selected at coordinate (2126, 1207) had "S" on it.
Beep.  The key selected at coordinate (675, 1566) had "P" on it.
Beep.  The key selected at coordinate (1933, 1395) had "C" on it.
BOING!  The coordinate (1504, 183) does not correspond to a key.
Beep.  The key selected at coordinate (1578, 840) had "J" on it.
BOING!  The coordinate (1261, 1936) does not correspond to a key.
BOING!  The coordinate (360, 1788) does not correspond to a key.
BOING!  The coordinate (74, 1275) does not correspond to a key.
Beep.  The key selected at coordinate (764, 1541) had "P" on it.
BOING!  The coordinate (2499, 2329) does not correspond to a key.
Beep.  The key selected at coordinate (1277, 901) had "R" on it.
Beep.  The key selected at coordinate (1985, 1589) had "C" on it.
Beep.  The key selected at coordinate (1425, 2187) had "F" on it.
BOING!  The coordinate (2219, 2371) does not correspond to a key.
BOING!  The coordinate (2453, 611) does not correspond to a key.
Beep.  The key selected at coordinate (1242, 861) had "R" on it.
Beep.  The key selected at coordinate (1989, 1317) had "S" on it.
Beep.  The key selected at coordinate (1364, 2340) had "F" on it.
Beep.  The key selected at coordinate (1352, 2264) had "F" on it.
Beep.  The key selected at coordinate (1395, 2236) had "F" on it.
Beep.  The key selected at coordinate (1462, 2293) had "F" on it.
BOING!  The coordinate (1171, 1775) does not correspond to a key.
BOING!  The coordinate (2227, 9) does not correspond to a key.
Beep.  The key selected at coordinate (2083, 1221) had "S" on it.
BOING!  The coordinate (179, 1708) does not correspond to a key.
BOING!  The coordinate (159, 931) does not correspond to a key.
BOING!  The coordinate (2315, 203) does not correspond to a key.
Beep.  The key selected at coordinate (2005, 1355) had "S" on it.
Beep.  The key selected at coordinate (1274, 2265) had "F" on it.
Beep.  The key selected at coordinate (1950, 1320) had "S" on it.
BOING!  The coordinate (2469, 251) does not correspond to a key.
BOING!  The coordinate (283, 1765) does not correspond to a key.
Beep.  The key selected at coordinate (2064, 1482) had "C" on it.
Beep.  The key selected at coordinate (2040, 1223) had "S" on it.
BOING!  The coordinate (1681, 1118) does not correspond to a key.
Beep.  The key selected at coordinate (1648, 887) had "J" on it.
BOING!  The coordinate (809, 1724) does not correspond to a key.
Beep.  The key selected at coordinate (1311, 931) had "R" on it.
Beep.  The key selected at coordinate (1321, 2137) had "F" on it.
Beep.  The key selected at coordinate (2084, 1386) had "C" on it.
BOING!  The coordinate (1545, 323) does not correspond to a key.
Beep.  The key selected at coordinate (1705, 797) had "J" on it.
Beep.  The key selected at coordinate (1155, 854) had "R" on it.
BOING!  The coordinate (1737, 706) does not correspond to a key.
BOING!  The coordinate (1181, 367) does not correspond to a key.
BOING!  The coordinate (1405, 49) does not correspond to a key.
BOING!  The coordinate (1230, 2341) does not correspond to a key.
Beep.  The key selected at coordinate (1627, 913) had "J" on it.
BOING!  The coordinate (1633, 527) does not correspond to a key.
Beep.  The key selected at coordinate (1131, 845) had "R" on it.
Beep.  The key selected at coordinate (2130, 1554) had "C" on it.
Beep.  The key selected at coordinate (1169, 950) had "R" on it.
BOING!  The coordinate (2219, 2087) does not correspond to a key.
BOING!  The coordinate (871, 1988) does not correspond to a key.
BOING!  The coordinate (578, 2172) does not correspond to a key.
BOING!  The coordinate (2389, 867) does not correspond to a key.
Beep.  The key selected at coordinate (2101, 1339) had "S" on it.
Beep.  The key selected at coordinate (705, 1558) had "P" on it.
Beep.  The key selected at coordinate (1642, 981) had "J" on it.
Beep.  The key selected at coordinate (1319, 836) had "R" on it.

BOING!  The coordinate (512, 1018) does not correspond to a key.
BOING!  The coordinate (2490, 2096) does not correspond to a key.
BOING!  The coordinate (1776, 30) does not correspond to a key.
Beep.  The key selected at coordinate (411, 1662) had "Q" on it.
Beep.  The key selected at coordinate (338, 1735) had "Q" on it.
BOING!  The coordinate (1637, 94) does not correspond to a key.
BOING!  The coordinate (847, 2032) does not correspond to a key.
BOING!  The coordinate (1058, 1194) does not correspond to a key.
Beep.  The key selected at coordinate (1124, 2004) had "L" on it.
BOING!  The coordinate (2206, 1501) does not correspond to a key.
BOING!  The coordinate (962, 1158) does not correspond to a key.
BOING!  The coordinate (313, 64) does not correspond to a key.
BOING!  The coordinate (2187, 901) does not correspond to a key.
Beep.  The key selected at coordinate (2421, 2139) had "F" on it.
Beep.  The key selected at coordinate (1967, 2189) had "P" on it.
BOING!  The coordinate (2471, 1674) does not correspond to a key.
BOING!  The coordinate (120, 242) does not correspond to a key.
BOING!  The coordinate (1635, 578) does not correspond to a key.
BOING!  The coordinate (2483, 551) does not correspond to a key.
Beep.  The key selected at coordinate (226, 1603) had "Q" on it.
BOING!  The coordinate (1689, 461) does not correspond to a key.
BOING!  The coordinate (865, 906) does not correspond to a key.
BOING!  The coordinate (245, 83) does not correspond to a key.
BOING!  The coordinate (1287, 517) does not correspond to a key.
BOING!  The coordinate (435, 1109) does not correspond to a key.
BOING!  The coordinate (1155, 566) does not correspond to a key.
BOING!  The coordinate (2247, 284) does not correspond to a key.
BOING!  The coordinate (2446, 1402) does not correspond to a key.
BOING!  The coordinate (935, 2117) does not correspond to a key.
BOING!  The coordinate (804, 1391) does not correspond to a key.
BOING!  The coordinate (968, 1845) does not correspond to a key.
BOING!  The coordinate (1254, 778) does not correspond to a key.
Beep.  The key selected at coordinate (1961, 2233) had "P" on it.
Beep.  The key selected at coordinate (1742, 707) had "K" on it.
Beep.  The key selected at coordinate (2332, 2177) had "F" on it.
Beep.  The key selected at coordinate (1930, 2156) had "P" on it.
Beep.  The key selected at coordinate (614, 2053) had "O" on it.
Beep.  The key selected at coordinate (616, 2106) had "O" on it.
BOING!  The coordinate (1584, 1703) does not correspond to a key.
Beep.  The key selected at coordinate (272, 1741) had "Q" on it.
BOING!  The coordinate (825, 241) does not correspond to a key.
Beep.  The key selected at coordinate (287, 2261) had "G" on it.
BOING!  The coordinate (1258, 1250) does not correspond to a key.

Beep.  The key selected at coordinate (1044, 1196) had "I" on it.
BOING!  The coordinate (1511, 2406) does not correspond to a key.
Beep.  The key selected at coordinate (2035, 1587) had "N" on it.
Beep.  The key selected at coordinate (1148, 1284) had "I" on it.
BOING!  The coordinate (1972, 180) does not correspond to a key.
Beep.  The key selected at coordinate (2309, 550) had "R" on it.
Beep.  The key selected at coordinate (893, 1831) had "S" on it.
Beep.  The key selected at coordinate (2335, 601) had "R" on it.
BOING!  The coordinate (1313, 2480) does not correspond to a key.
Beep.  The key selected at coordinate (1210, 1141) had "I" on it.
BOING!  The coordinate (1695, 1478) does not correspond to a key.
Beep.  The key selected at coordinate (2342, 615) had "R" on it.
BOING!  The coordinate (61, 1137) does not correspond to a key.
BOING!  The coordinate (1400, 485) does not correspond to a key.
BOING!  The coordinate (1535, 671) does not correspond to a key.
BOING!  The coordinate (1411, 867) does not correspond to a key.
BOING!  The coordinate (1927, 210) does not correspond to a key.
BOING!  The coordinate (211, 2393) does not correspond to a key.
Beep.  The key selected at coordinate (1145, 1184) had "I" on it.
BOING!  The coordinate (1089, 1816) does not correspond to a key.
Beep.  The key selected at coordinate (1950, 1659) had "N" on it.
Beep.  The key selected at coordinate (1795, 319) had "M" on it.
Beep.  The key selected at coordinate (2363, 589) had "R" on it.
Beep.  The key selected at coordinate (1903, 1717) had "N" on it.
BOING!  The coordinate (1553, 1851) does not correspond to a key.
Beep.  The key selected at coordinate (2053, 1681) had "N" on it.
BOING!  The coordinate (1078, 212) does not correspond to a key.
Beep.  The key selected at coordinate (1099, 1052) had "I" on it.
Beep.  The key selected at coordinate (2299, 353) had "E" on it.
BOING!  The coordinate (1559, 251) does not correspond to a key.
Beep.  The key selected at coordinate (877, 1425) had "O" on it.
Beep.  The key selected at coordinate (1273, 1201) had "I" on it.
Beep.  The key selected at coordinate (1779, 118) had "M" on it.
BOING!  The coordinate (1412, 421) does not correspond to a key.
BOING!  The coordinate (459, 934) does not correspond to a key.
BOING!  The coordinate (265, 523) does not correspond to a key.
Beep.  The key selected at coordinate (2264, 558) had "R" on it.
Beep.  The key selected at coordinate (1009, 1323) had "O" on it.
Beep.  The key selected at coordinate (732, 1888) had "S" on it.
Beep.  The key selected at coordinate (912, 1859) had "S" on it.
Beep.  The key selected at coordinate (1085, 1072) had "I" on it.
BOING!  The coordinate (617, 2237) does not correspond to a key.
BOING!  The coordinate (1050, 996) does not correspond to a key.
BOING!  The coordinate (371, 560) does not correspond to a key.
Beep.  The key selected at coordinate (797, 1881) had "S" on it.
BOING!  The coordinate (131, 551) does not correspond to a key.
Beep.  The key selected at coordinate (753, 1935) had "S" on it.
Beep.  The key selected at coordinate (755, 1907) had "S" on it.
Beep.  The key selected at coordinate (2322, 256) had "E" on it.
BOING!  The coordinate (567, 472) does not correspond to a key.
Beep.  The key selected at coordinate (1799, 117) had "M" on it.
BOING!  The coordinate (1497, 1214) does not correspond to a key.
BOING!  The coordinate (603, 614) does not correspond to a key.
Beep.  The key selected at coordinate (2298, 233) had "E" on it.
Beep.  The key selected at coordinate (1041, 1232) had "I" on it.
BOING!  The coordinate (387, 2130) does not correspond to a key.
BOING!  The coordinate (1066, 1992) does not correspond to a key.
BOING!  The coordinate (1823, 2206) does not correspond to a key.
Beep.  The key selected at coordinate (743, 1840) had "S" on it.
Beep.  The key selected at coordinate (2336, 731) had "R" on it.
Beep.  The key selected at coordinate (2432, 253) had "E" on it.
BOING!  The coordinate (497, 1171) does not correspond to a key.

Beep.  The key selected at coordinate (1489, 1545) had "Q" on it.
Beep.  The key selected at coordinate (984, 598) had "J" on it.
Beep.  The key selected at coordinate (194, 572) had "L" on it.
Beep.  The key selected at coordinate (172, 416) had "L" on it.
Beep.  The key selected at coordinate (460, 1499) had "K" on it.
Beep.  The key selected at coordinate (1361, 705) had "I" on it.
Beep.  The key selected at coordinate (315, 1884) had "O" on it.
Beep.  The key selected at coordinate (2084, 1430) had "R" on it.
BOING!  The coordinate (2213, 1940) does not correspond to a key.
Beep.  The key selected at coordinate (1512, 1558) had "Q" on it.
Beep.  The key selected at coordinate (255, 429) had "L" on it.
Beep.  The key selected at coordinate (1493, 1482) had "G" on it.
Beep.  The key selected at coordinate (397, 754) had "H" on it.
Beep.  The key selected at coordinate (1030, 221) had "E" on it.
Beep.  The key selected at coordinate (1344, 1560) had "Q" on it.
BOING!  The coordinate (2076, 1096) does not correspond to a key.
Beep.  The key selected at coordinate (1065, 294) had "E" on it.
Beep.  The key selected at coordinate (569, 956) had "H" on it.
Beep.  The key selected at coordinate (1335, 163) had "F" on it.
Beep.  The key selected at coordinate (1426, 1421) had "G" on it.
Beep.  The key selected at coordinate (944, 382) had "E" on it.
Beep.  The key selected at coordinate (302, 1873) had "O" on it.
Beep.  The key selected at coordinate (2091, 349) had "C" on it.
Beep.  The key selected at coordinate (595, 1632) had "K" on it.
Beep.  The key selected at coordinate (463, 1923) had "N" on it.
BOING!  The coordinate (1901, 1545) does not correspond to a key.
Beep.  The key selected at coordinate (947, 224) had "E" on it.
BOING!  The coordinate (1319, 66) does not correspond to a key.
BOING!  The coordinate (2123, 1629) does not correspond to a key.
Beep.  The key selected at coordinate (1527, 1353) had "G" on it.
Beep.  The key selected at coordinate (543, 925) had "H" on it.
Beep.  The key selected at coordinate (1616, 1326) had "G" on it.
BOING!  The coordinate (745, 991) does not correspond to a key.
BOING!  The coordinate (49, 983) does not correspond to a key.
Beep.  The key selected at coordinate (1396, 1302) had "G" on it.
Beep.  The key selected at coordinate (454, 1485) had "K" on it.
BOING!  The coordinate (1440, 2069) does not correspond to a key.
Beep.  The key selected at coordinate (1389, 1305) had "G" on it.
Beep.  The key selected at coordinate (1426, 1482) had "G" on it.
BOING!  The coordinate (1362, 2100) does not correspond to a key.
BOING!  The coordinate (794, 275) does not correspond to a key.
Beep.  The key selected at coordinate (455, 760) had "H" on it.
BOING!  The coordinate (31, 1194) does not correspond to a key.
BOING!  The coordinate (1272, 1558) does not correspond to a key.

Beep.  The key selected at coordinate (2043, 544) had "H" on it.
Beep.  The key selected at coordinate (1992, 670) had "H" on it.
BOING!  The coordinate (1238, 875) does not correspond to a key.
BOING!  The coordinate (976, 780) does not correspond to a key.
Beep.  The key selected at coordinate (1382, 428) had "X" on it.
Beep.  The key selected at coordinate (1303, 327) had "X" on it.
Beep.  The key selected at coordinate (1273, 466) had "X" on it.
BOING!  The coordinate (235, 1783) does not correspond to a key.
Beep.  The key selected at coordinate (2045, 1978) had "W" on it.
Beep.  The key selected at coordinate (1877, 1931) had "W" on it.
Beep.  The key selected at coordinate (1411, 398) had "X" on it.
Beep.  The key selected at coordinate (1929, 1974) had "W" on it.
Beep.  The key selected at coordinate (1982, 623) had "H" on it.
Beep.  The key selected at coordinate (2077, 523) had "H" on it.
BOING!  The coordinate (257, 886) does not correspond to a key.
BOING!  The coordinate (1303, 1558) does not correspond to a key.
BOING!  The coordinate (1090, 1818) does not correspond to a key.
Beep.  The key selected at coordinate (1583, 344) had "B" on it.
BOING!  The coordinate (923, 2299) does not correspond to a key.
Beep.  The key selected at coordinate (2062, 516) had "H" on it.
Beep.  The key selected at coordinate (1373, 313) had "X" on it.
BOING!  The coordinate (281, 467) does not correspond to a key.
BOING!  The coordinate (1863, 855) does not correspond to a key.
BOING!  The coordinate (2349, 1652) does not correspond to a key.
Beep.  The key selected at coordinate (2009, 2027) had "W" on it.
Beep.  The key selected at coordinate (2051, 732) had "H" on it.
Beep.  The key selected at coordinate (1262, 428) had "X" on it.
Beep.  The key selected at coordinate (1421, 420) had "X" on it.
BOING!  The coordinate (1711, 2209) does not correspond to a key.
Beep.  The key selected at coordinate (1893, 2003) had "W" on it.
BOING!  The coordinate (586, 737) does not correspond to a key.
Beep.  The key selected at coordinate (1879, 2127) had "W" on it.
Beep.  The key selected at coordinate (1501, 329) had "B" on it.
Beep.  The key selected at coordinate (1881, 1944) had "W" on it.
Beep.  The key selected at coordinate (1485, 538) had "B" on it.
BOING!  The coordinate (18, 133) does not correspond to a key.
Beep.  The key selected at coordinate (1989, 738) had "H" on it.
Beep.  The key selected at coordinate (1321, 447) had "X" on it.
BOING!  The coordinate (2375, 672) does not correspond to a key.
Beep.  The key selected at coordinate (1686, 505) had "B" on it.
BOING!  The coordinate (1667, 1244) does not correspond to a key.
Beep.  The key selected at coordinate (1956, 1928) had "W" on it.
Beep.  The key selected at coordinate (1513, 416) had "B" on it.
Beep.  The key selected at coordinate (1354, 280) had "X" on it.
BOING!  The coordinate (1075, 751) does not correspond to a key.
BOING!  The coordinate (1518, 831) does not correspond to a key.

BOING!  The coordinate (2084, 120) does not correspond to a key.
BOING!  The coordinate (259, 886) does not correspond to a key.
BOING!  The coordinate (2044, 1653) does not correspond to a key.
BOING!  The coordinate (405, 1174) does not correspond to a key.
BOING!  The coordinate (137, 294) does not correspond to a key.
BOING!  The coordinate (630, 2450) does not correspond to a key.
Beep.  The key selected at coordinate (847, 2408) had "S" on it.
BOING!  The coordinate (2335, 2154) does not correspond to a key.
Beep.  The key selected at coordinate (2362, 1209) had "C" on it.
Beep.  The key selected at coordinate (1994, 1141) had "G" on it.
BOING!  The coordinate (2127, 67) does not correspond to a key.
Beep.  The key selected at coordinate (2287, 1346) had "C" on it.
BOING!  The coordinate (124, 1615) does not correspond to a key.
Beep.  The key selected at coordinate (139, 1246) had "D" on it.
Beep.  The key selected at coordinate (747, 726) had "Y" on it.
Beep.  The key selected at coordinate (1995, 1322) had "G" on it.
BOING!  The coordinate (972, 1427) does not correspond to a key.
Beep.  The key selected at coordinate (1563, 1036) had "P" on it.
BOING!  The coordinate (249, 2155) does not correspond to a key.
Beep.  The key selected at coordinate (1612, 1089) had "P" on it.
Beep.  The key selected at coordinate (1179, 2275) had "Z" on it.
Beep.  The key selected at coordinate (2020, 1380) had "G" on it.
BOING!  The coordinate (142, 170) does not correspond to a key.
Beep.  The key selected at coordinate (1962, 1169) had "G" on it.
BOING!  The coordinate (996, 2011) does not correspond to a key.
Beep.  The key selected at coordinate (2449, 1275) had "C" on it.
Beep.  The key selected at coordinate (169, 1378) had "D" on it.
BOING!  The coordinate (769, 492) does not correspond to a key.
BOING!  The coordinate (1557, 1640) does not correspond to a key.
BOING!  The coordinate (319, 993) does not correspond to a key.
Beep.  The key selected at coordinate (1614, 1070) had "P" on it.
BOING!  The coordinate (371, 17) does not correspond to a key.
BOING!  The coordinate (506, 1585) does not correspond to a key.
BOING!  The coordinate (1779, 380) does not correspond to a key.
Beep.  The key selected at coordinate (2054, 1365) had "G" on it.
Beep.  The key selected at coordinate (877, 1512) had "B" on it.
Beep.  The key selected at coordinate (1656, 1044) had "P" on it.
BOING!  The coordinate (480, 381) does not correspond to a key.
BOING!  The coordinate (2107, 378) does not correspond to a key.
Beep.  The key selected at coordinate (210, 1139) had "D" on it.
BOING!  The coordinate (2097, 1713) does not correspond to a key.
BOING!  The coordinate (577, 1483) does not correspond to a key.
BOING!  The coordinate (2369, 1997) does not correspond to a key.
Beep.  The key selected at coordinate (699, 1579) had "B" on it.
Beep.  The key selected at coordinate (1563, 912) had "P" on it.
Beep.  The key selected at coordinate (1259, 2176) had "Z" on it.
Beep.  The key selected at coordinate (1456, 1562) had "A" on it.
Beep.  The key selected at coordinate (215, 1155) had "D" on it.
Beep.  The key selected at coordinate (2386, 1272) had "C" on it.
Beep.  The key selected at coordinate (928, 921) had "Y" on it.
Beep.  The key selected at coordinate (1036, 2297) had "R" on it.
Beep.  The key selected at coordinate (1378, 1464) had "A" on it.
Beep.  The key selected at coordinate (663, 1606) had "B" on it.

Beep.  The key selected at coordinate (742, 661) had "H" on it.
Beep.  The key selected at coordinate (519, 834) had "B" on it.
BOING!  The coordinate (680, 2162) does not correspond to a key.
BOING!  The coordinate (1445, 1070) does not correspond to a key.
Beep.  The key selected at coordinate (176, 2252) had "I" on it.
BOING!  The coordinate (1693, 29) does not correspond to a key.
Beep.  The key selected at coordinate (376, 749) had "R" on it.
Beep.  The key selected at coordinate (2333, 1611) had "O" on it.
BOING!  The coordinate (2226, 111) does not correspond to a key.
BOING!  The coordinate (1150, 432) does not correspond to a key.
Beep.  The key selected at coordinate (1611, 805) had "M" on it.
Beep.  The key selected at coordinate (2426, 1720) had "O" on it.
Beep.  The key selected at coordinate (231, 2067) had "I" on it.
Beep.  The key selected at coordinate (1546, 1914) had "P" on it.
Beep.  The key selected at coordinate (454, 2117) had "F" on it.
BOING!  The coordinate (717, 879) does not correspond to a key.
BOING!  The coordinate (2181, 1024) does not correspond to a key.
Beep.  The key selected at coordinate (676, 1230) had "Z" on it.
Beep.  The key selected at coordinate (1920, 1998) had "A" on it.
Beep.  The key selected at coordinate (567, 1254) had "Z" on it.
Beep.  The key selected at coordinate (1558, 1715) had "D" on it.
Beep.  The key selected at coordinate (2453, 1752) had "O" on it.
Beep.  The key selected at coordinate (1914, 1096) had "K" on it.
BOING!  The coordinate (1455, 2355) does not correspond to a key.
Beep.  The key selected at coordinate (350, 2219) had "F" on it.
Beep.  The key selected at coordinate (2097, 1965) had "S" on it.
BOING!  The coordinate (1008, 593) does not correspond to a key.
BOING!  The coordinate (1053, 1413) does not correspond to a key.
Beep.  The key selected at coordinate (1935, 1962) had "A" on it.
BOING!  The coordinate (1220, 1429) does not correspond to a key.
Beep.  The key selected at coordinate (1488, 1620) had "D" on it.
Beep.  The key selected at coordinate (1593, 1709) had "D" on it.
BOING!  The coordinate (2068, 7) does not correspond to a key.
Beep.  The key selected at coordinate (386, 963) had "B" on it.
Beep.  The key selected at coordinate (2301, 1584) had "O" on it.
Beep.  The key selected at coordinate (890, 197) had "N" on it.
Beep.  The key selected at coordinate (1365, 1983) had "Q" on it.
Beep.  The key selected at coordinate (2203, 1239) had "C" on it.
Beep.  The key selected at coordinate (2194, 1915) had "S" on it.
Beep.  The key selected at coordinate (1519, 1750) had "P" on it.
BOING!  The coordinate (2010, 2218) does not correspond to a key.
Beep.  The key selected at coordinate (1216, 1938) had "Q" on it.
Beep.  The key selected at coordinate (320, 2177) had "F" on it.
Beep.  The key selected at coordinate (1324, 2048) had "Q" on it.
Beep.  The key selected at coordinate (1789, 913) had "K" on it.
BOING!  The coordinate (1820, 649) does not correspond to a key.
BOING!  The coordinate (2066, 690) does not correspond to a key.
Beep.  The key selected at coordinate (2428, 1931) had "T" on it.
Beep.  The key selected at coordinate (469, 906) had "B" on it.
Beep.  The key selected at coordinate (2046, 1269) had "C" on it.
Beep.  The key selected at coordinate (252, 2128) had "I" on it.
BOING!  The coordinate (567, 2423) does not correspond to a key.
BOING!  The coordinate (1665, 702) does not correspond to a key.
Beep.  The key selected at coordinate (2107, 2156) had "A" on it.
Beep.  The key selected at coordinate (2111, 1456) had "C" on it.
BOING!  The coordinate (1103, 2348) does not correspond to a key.
BOING!  The coordinate (1604, 107) does not correspond to a key.
BOING!  The coordinate (231, 49) does not correspond to a key.
BOING!  The coordinate (1867, 850) does not correspond to a key.
Beep.  The key selected at coordinate (781, 721) had "H" on it.
Beep.  The key selected at coordinate (2118, 1805) had "S" on it.
BOING!  The coordinate (1636, 1) does not correspond to a key.
BOING!  The coordinate (1673, 1972) does not correspond to a key.
BOING!  The coordinate (2041, 1858) does not correspond to a key.
BOING!  The coordinate (727, 252) does not correspond to a key.
Beep.  The key selected at coordinate (2182, 1827) had "S" on it.
BOING!  The coordinate (1407, 2496) does not correspond to a key.
BOING!  The coordinate (1270, 1636) does not correspond to a key.
Beep.  The key selected at coordinate (1439, 2039) had "Q" on it.
Beep.  The key selected at coordinate (1352, 1722) had "D" on it.
BOING!  The coordinate (2242, 1145) does not correspond to a key.
BOING!  The coordinate (775, 128) does not correspond to a key.
Beep.  The key selected at coordinate (1359, 1926) had "Q" on it.
Beep.  The key selected at coordinate (1598, 1968) had "P" on it.
BOING!  The coordinate (886, 28) does not correspond to a key.
Beep.  The key selected at coordinate (802, 556) had "H" on it.
Beep.  The key selected at coordinate (2315, 1879) had "S" on it.
BOING!  The coordinate (1406, 770) does not correspond to a key.
Beep.  The key selected at coordinate (2103, 1273) had "C" on it.

BOING!  The coordinate (1440, 1098) does not correspond to a key.
Beep.  The key selected at coordinate (1659, 863) had "E" on it.
BOING!  The coordinate (350, 628) does not correspond to a key.
Beep.  The key selected at coordinate (1707, 643) had "E" on it.
BOING!  The coordinate (1709, 968) does not correspond to a key.
BOING!  The coordinate (4, 1462) does not correspond to a key.
Beep.  The key selected at coordinate (1842, 779) had "E" on it.
Beep.  The key selected at coordinate (1583, 1990) had "C" on it.
Beep.  The key selected at coordinate (1852, 1218) had "V" on it.
Beep.  The key selected at coordinate (920, 254) had "N" on it.
BOING!  The coordinate (1247, 387) does not correspond to a key.
Beep.  The key selected at coordinate (1815, 427) had "Q" on it.
BOING!  The coordinate (925, 1349) does not correspond to a key.
Beep.  The key selected at coordinate (1447, 1151) had "M" on it.
Beep.  The key selected at coordinate (2271, 514) had "O" on it.

BOING!  The coordinate (850, 1813) does not correspond to a key.
Beep.  The key selected at coordinate (2069, 645) had "L" on it.
BOING!  The coordinate (2186, 1799) does not correspond to a key.
BOING!  The coordinate (2137, 2293) does not correspond to a key.
Beep.  The key selected at coordinate (766, 1869) had "C" on it.
BOING!  The coordinate (816, 845) does not correspond to a key.
BOING!  The coordinate (1182, 1221) does not correspond to a key.
BOING!  The coordinate (405, 709) does not correspond to a key.

Beep.  The key selected at coordinate (591, 1937) had "P" on it.
Beep.  The key selected at coordinate (454, 1405) had "F" on it.
Beep.  The key selected at coordinate (2421, 1746) had "V" on it.
Beep.  The key selected at coordinate (1169, 319) had "N" on it.
BOING!  The coordinate (1326, 1300) does not correspond to a key.
BOING!  The coordinate (2089, 1036) does not correspond to a key.
Beep.  The key selected at coordinate (503, 1484) had "F" on it.
BOING!  The coordinate (372, 2413) does not correspond to a key.
BOING!  The coordinate (824, 1669) does not correspond to a key.
Beep.  The key selected at coordinate (1444, 713) had "U" on it.
BOING!  The coordinate (2045, 2373) does not correspond to a key.
BOING!  The coordinate (1654, 1217) does not correspond to a key.
BOING!  The coordinate (1390, 1423) does not correspond to a key.
BOING!  The coordinate (940, 1304) does not correspond to a key.
BOING!  The coordinate (1713, 1670) does not correspond to a key.
BOING!  The coordinate (253, 1187) does not correspond to a key.
Beep.  The key selected at coordinate (1023, 1804) had "I" on it.
BOING!  The coordinate (669, 2342) does not correspond to a key.
Beep.  The key selected at coordinate (1556, 819) had "U" on it.
BOING!  The coordinate (655, 1100) does not correspond to a key.
BOING!  The coordinate (336, 1210) does not correspond to a key.
Beep.  The key selected at coordinate (590, 1917) had "P" on it.
Beep.  The key selected at coordinate (1385, 132) had "J" on it.
BOING!  The coordinate (264, 1149) does not correspond to a key.
BOING!  The coordinate (1342, 1353) does not correspond to a key.
BOING!  The coordinate (757, 755) does not correspond to a key.
BOING!  The coordinate (649, 2128) does not correspond to a key.
Beep.  The key selected at coordinate (550, 1947) had "P" on it.
Beep.  The key selected at coordinate (1415, 245) had "J" on it.
BOING!  The coordinate (693, 1241) does not correspond to a key.
BOING!  The coordinate (575, 1079) does not correspond to a key.
Beep.  The key selected at coordinate (1397, 646) had "U" on it.
Beep.  The key selected at coordinate (549, 1843) had "P" on it.
BOING!  The coordinate (1573, 2129) does not correspond to a key.
BOING!  The coordinate (2077, 659) does not correspond to a key.
Beep.  The key selected at coordinate (1220, 217) had "N" on it.
BOING!  The coordinate (1218, 2081) does not correspond to a key.
Beep.  The key selected at coordinate (1541, 759) had "U" on it.
BOING!  The coordinate (251, 2348) does not correspond to a key.
BOING!  The coordinate (518, 314) does not correspond to a key.
BOING!  The coordinate (8, 607) does not correspond to a key.
Beep.  The key selected at coordinate (719, 1775) had "P" on it.
Beep.  The key selected at coordinate (2359, 1804) had "V" on it.
Beep.  The key selected at coordinate (1331, 107) had "J" on it.
Beep.  The key selected at coordinate (569, 1385) had "F" on it.
BOING!  The coordinate (2459, 318) does not correspond to a key.
Beep.  The key selected at coordinate (1467, 60) had "J" on it.
BOING!  The coordinate (1826, 2090) does not correspond to a key.
BOING!  The coordinate (703, 805) does not correspond to a key.
BOING!  The coordinate (1291, 864) does not correspond to a key.
BOING!  The coordinate (2278, 791) does not correspond to a key.
Beep.  The key selected at coordinate (550, 1736) had "P" on it.
BOING!  The coordinate (2115, 620) does not correspond to a key.
Beep.  The key selected at coordinate (835, 1760) had "I" on it.
BOING!  The coordinate (1268, 2169) does not correspond to a key.
Beep.  The key selected at coordinate (1386, 692) had "U" on it.
Beep.  The key selected at coordinate (1296, 186) had "J" on it.
Beep.  The key selected at coordinate (598, 1778) had "P" on it.
Beep.  The key selected at coordinate (1425, 115) had "J" on it.
Beep.  The key selected at coordinate (1319, 337) had "N" on it.
BOING!  The coordinate (2084, 2456) does not correspond to a key.
BOING!  The coordinate (611, 299) does not correspond to a key.
BOING!  The coordinate (1898, 467) does not correspond to a key.
Beep.  The key selected at coordinate (1325, 106) had "J" on it.
BOING!  The coordinate (505, 1285) does not correspond to a key.
Beep.  The key selected at coordinate (2395, 1824) had "V" on it.
Beep.  The key selected at coordinate (1309, 215) had "J" on it.

BOING!  The coordinate (1601, 233) does not correspond to a key.
BOING!  The coordinate (1280, 1943) does not correspond to a key.
BOING!  The coordinate (191, 1813) does not correspond to a key.
Beep.  The key selected at coordinate (965, 807) had "C" on it.
Beep.  The key selected at coordinate (130, 400) had "N" on it.
Beep.  The key selected at coordinate (1601, 2130) had "J" on it.
Beep.  The key selected at coordinate (1528, 260) had "Z" on it.
Beep.  The key selected at coordinate (1476, 881) had "B" on it.
BOING!  The coordinate (2263, 1460) does not correspond to a key.
Beep.  The key selected at coordinate (939, 707) had "C" on it.
Beep.  The key selected at coordinate (982, 656) had "C" on it.
BOING!  The coordinate (150, 888) does not correspond to a key.
BOING!  The coordinate (1755, 2236) does not correspond to a key.
Beep.  The key selected at coordinate (235, 2060) had "A" on it.
BOING!  The coordinate (294, 1802) does not correspond to a key.
Beep.  The key selected at coordinate (375, 2275) had "V" on it.
Beep.  The key selected at coordinate (1524, 1370) had "U" on it.
BOING!  The coordinate (1326, 1391) does not correspond to a key.
Beep.  The key selected at coordinate (967, 1431) had "Q" on it.
Beep.  The key selected at coordinate (1946, 2092) had "S" on it.
Beep.  The key selected at coordinate (366, 1073) had "Y" on it.
BOING!  The coordinate (2447, 582) does not correspond to a key.
BOING!  The coordinate (1096, 2487) does not correspond to a key.
Beep.  The key selected at coordinate (1613, 2147) had "J" on it.
BOING!  The coordinate (668, 1303) does not correspond to a key.
Beep.  The key selected at coordinate (414, 927) had "Y" on it.
Beep.  The key selected at coordinate (972, 656) had "C" on it.
BOING!  The coordinate (940, 621) does not correspond to a key.
BOING!  The coordinate (44, 660) does not correspond to a key.
Beep.  The key selected at coordinate (436, 2283) had "V" on it.
Beep.  The key selected at coordinate (2118, 1756) had "W" on it.
BOING!  The coordinate (895, 2211) does not correspond to a key.
BOING!  The coordinate (1479, 334) does not correspond to a key.
BOING!  The coordinate (55, 69) does not correspond to a key.
BOING!  The coordinate (571, 108) does not correspond to a key.
Beep.  The key selected at coordinate (866, 1620) had "D" on it.
BOING!  The coordinate (397, 252) does not correspond to a key.
Beep.  The key selected at coordinate (282, 912) had "Y" on it.
Beep.  The key selected at coordinate (1644, 2076) had "J" on it.
BOING!  The coordinate (906, 668) does not correspond to a key.
Beep.  The key selected at coordinate (1508, 1442) had "U" on it.
Beep.  The key selected at coordinate (115, 2103) had "A" on it.
BOING!  The coordinate (2352, 1284) does not correspond to a key.
Beep.  The key selected at coordinate (1496, 1325) had "U" on it.
BOING!  The coordinate (801, 1935) does not correspond to a key.
Beep.  The key selected at coordinate (174, 1930) had "A" on it.
BOING!  The coordinate (388, 1470) does not correspond to a key.
Beep.  The key selected at coordinate (354, 884) had "Y" on it.
Beep.  The key selected at coordinate (1351, 1264) had "U" on it.
BOING!  The coordinate (287, 1227) does not correspond to a key.
Beep.  The key selected at coordinate (474, 1033) had "Y" on it.
BOING!  The coordinate (2302, 2289) does not correspond to a key.
Beep.  The key selected at coordinate (1741, 1674) had "T" on it.
BOING!  The coordinate (1818, 1781) does not correspond to a key.
Beep.  The key selected at coordinate (1538, 868) had "B" on it.
BOING!  The coordinate (1704, 2391) does not correspond to a key.
Beep.  The key selected at coordinate (2070, 1904) had "W" on it.
BOING!  The coordinate (691, 204) does not correspond to a key.
Beep.  The key selected at coordinate (1554, 891) had "B" on it.
BOING!  The coordinate (596, 2385) does not correspond to a key.
Beep.  The key selected at coordinate (957, 1319) had "Q" on it.
Beep.  The key selected at coordinate (593, 2098) had "V" on it.
Beep.  The key selected at coordinate (1766, 1669) had "T" on it.
BOING!  The coordinate (1668, 1079) does not correspond to a key.
Beep.  The key selected at coordinate (1326, 899) had "B" on it.
Beep.  The key selected at coordinate (1639, 2124) had "J" on it.
BOING!  The coordinate (1450, 1493) does not correspond to a key.
Beep.  The key selected at coordinate (276, 1872) had "A" on it.
Beep.  The key selected at coordinate (2057, 1833) had "W" on it.
Beep.  The key selected at coordinate (407, 1529) had "X" on it.
Beep.  The key selected at coordinate (1328, 865) had "B" on it.
Beep.  The key selected at coordinate (145, 275) had "N" on it.
BOING!  The coordinate (2351, 88) does not correspond to a key.
BOING!  The coordinate (19, 314) does not correspond to a key.
Beep.  The key selected at coordinate (359, 1694) had "X" on it.
BOING!  The coordinate (2310, 223) does not correspond to a key.
Beep.  The key selected at coordinate (533, 2162) had "V" on it.
BOING!  The coordinate (2318, 1315) does not correspond to a key.
BOING!  The coordinate (41, 2473) does not correspond to a key.

Beep.  The key selected at coordinate (192, 2041) had "F" on it.
Beep.  The key selected at coordinate (619, 1362) had "S" on it.
BOING!  The coordinate (1556, 780) does not correspond to a key.
Beep.  The key selected at coordinate (1227, 2092) had "A" on it.
Beep.  The key selected at coordinate (1366, 1467) had "G" on it.
Beep.  The key selected at coordinate (1006, 1397) had "K" on it.
BOING!  The coordinate (2182, 1807) does not correspond to a key.
BOING!  The coordinate (2130, 636) does not correspond to a key.
BOING!  The coordinate (782, 2032) does not correspond to a key.
Beep.  The key selected at coordinate (1014, 1325) had "K" on it.
Beep.  The key selected at coordinate (1423, 1269) had "G" on it.
BOING!  The coordinate (216, 198) does not correspond to a key.
BOING!  The coordinate (471, 425) does not correspond to a key.
Beep.  The key selected at coordinate (324, 2092) had "F" on it.
BOING!  The coordinate (987, 1817) does not correspond to a key.
Beep.  The key selected at coordinate (1271, 1293) had "G" on it.
BOING!  The coordinate (276, 2326) does not correspond to a key.
Beep.  The key selected at coordinate (1316, 2126) had "A" on it.
BOING!  The coordinate (2032, 307) does not correspond to a key.
Beep.  The key selected at coordinate (1138, 1266) had "K" on it.
Beep.  The key selected at coordinate (1485, 1404) had "G" on it.
Beep.  The key selected at coordinate (570, 1468) had "S" on it.
Beep.  The key selected at coordinate (124, 2098) had "F" on it.
Beep.  The key selected at coordinate (1325, 1330) had "G" on it.
BOING!  The coordinate (2212, 1830) does not correspond to a key.
BOING!  The coordinate (304, 1677) does not correspond to a key.
BOING!  The coordinate (2058, 770) does not correspond to a key.
Beep.  The key selected at coordinate (170, 2011) had "F" on it.
BOING!  The coordinate (1766, 2308) does not correspond to a key.
BOING!  The coordinate (204, 308) does not correspond to a key.
Beep.  The key selected at coordinate (168, 2174) had "F" on it.
BOING!  The coordinate (132, 529) does not correspond to a key.
BOING!  The coordinate (125, 348) does not correspond to a key.
BOING!  The coordinate (2167, 1914) does not correspond to a key.
Beep.  The key selected at coordinate (1372, 1391) had "G" on it.
BOING!  The coordinate (857, 870) does not correspond to a key.
Beep.  The key selected at coordinate (1972, 146) had "O" on it.
Beep.  The key selected at coordinate (142, 2224) had "F" on it.
BOING!  The coordinate (2373, 300) does not correspond to a key.
Beep.  The key selected at coordinate (1010, 1286) had "K" on it.
Beep.  The key selected at coordinate (310, 2230) had "F" on it.
BOING!  The coordinate (1499, 1578) does not correspond to a key.
BOING!  The coordinate (2381, 389) does not correspond to a key.
BOING!  The coordinate (501, 545) does not correspond to a key.
Beep.  The key selected at coordinate (583, 1406) had "S" on it.

BOING!  The coordinate (1844, 102) does not correspond to a key.
BOING!  The coordinate (1329, 894) does not correspond to a key.
Beep.  The key selected at coordinate (1741, 1956) had "M" on it.
Beep.  The key selected at coordinate (2295, 577) had "I" on it.
BOING!  The coordinate (678, 2434) does not correspond to a key.
BOING!  The coordinate (995, 1561) does not correspond to a key.
BOING!  The coordinate (1248, 1582) does not correspond to a key.

Beep.  The key selected at coordinate (1780, 1165) had "A" on it.
Beep.  The key selected at coordinate (1853, 1173) had "A" on it.
BOING!  The coordinate (1271, 2430) does not correspond to a key.
Beep.  The key selected at coordinate (2210, 1100) had "B" on it.
BOING!  The coordinate (809, 753) does not correspond to a key.
Beep.  The key selected at coordinate (1921, 1381) had "A" on it.
BOING!  The coordinate (1393, 1934) does not correspond to a key.
Beep.  The key selected at coordinate (1746, 1279) had "A" on it.
BOING!  The coordinate (2307, 573) does not correspond to a key.
Beep.  The key selected at coordinate (2091, 977) had "B" on it.
BOING!  The coordinate (1382, 1735) does not correspond to a key.
BOING!  The coordinate (2309, 2226) does not correspond to a key.
BOING!  The coordinate (597, 1419) does not correspond to a key.
Beep.  The key selected at coordinate (2127, 1031) had "B" on it.
BOING!  The coordinate (1209, 274) does not correspond to a key.
Beep.  The key selected at coordinate (2155, 905) had "B" on it.
Beep.  The key selected at coordinate (2235, 968) had "B" on it.
Beep.  The key selected at coordinate (1854, 847) had "T" on it.
BOING!  The coordinate (2403, 180) does not correspond to a key.
BOING!  The coordinate (755, 14) does not correspond to a key.
Beep.  The key selected at coordinate (1858, 1027) had "T" on it.
Beep.  The key selected at coordinate (2256, 981) had "B" on it.
BOING!  The coordinate (2013, 1379) does not correspond to a key.
Beep.  The key selected at coordinate (2084, 1035) had "B" on it.
Beep.  The key selected at coordinate (1798, 1337) had "A" on it.
Beep.  The key selected at coordinate (1762, 861) had "T" on it.
Beep.  The key selected at coordinate (1702, 1043) had "T" on it.
Beep.  The key selected at coordinate (1855, 1170) had "A" on it.
BOING!  The coordinate (983, 1119) does not correspond to a key.

Beep.  The key selected at coordinate (1417, 238) had "Q" on it.
Beep.  The key selected at coordinate (846, 2295) had "U" on it.
Beep.  The key selected at coordinate (1523, 1757) had "L" on it.
BOING!  The coordinate (2347, 2338) does not correspond to a key.
BOING!  The coordinate (2086, 1492) does not correspond to a key.
Beep.  The key selected at coordinate (890, 2287) had "U" on it.
BOING!  The coordinate (1851, 2355) does not correspond to a key.
Beep.  The key selected at coordinate (1377, 1861) had "L" on it.
BOING!  The coordinate (401, 834) does not correspond to a key.
BOING!  The coordinate (2292, 483) does not correspond to a key.
Beep.  The key selected at coordinate (789, 2294) had "U" on it.
Beep.  The key selected at coordinate (1515, 1820) had "L" on it.
BOING!  The coordinate (1778, 1076) does not correspond to a key.
BOING!  The coordinate (2146, 841) does not correspond to a key.
Beep.  The key selected at coordinate (1545, 55) had "Q" on it.
BOING!  The coordinate (2351, 1240) does not correspond to a key.
Beep.  The key selected at coordinate (1493, 289) had "Q" on it.
BOING!  The coordinate (1004, 690) does not correspond to a key.
BOING!  The coordinate (2337, 747) does not correspond to a key.
BOING!  The coordinate (2414, 2346) does not correspond to a key.
BOING!  The coordinate (1024, 413) does not correspond to a key.
BOING!  The coordinate (709, 121) does not correspond to a key.
Beep.  The key selected at coordinate (1381, 58) had "Q" on it.
Beep.  The key selected at coordinate (1384, 273) had "Q" on it.
BOING!  The coordinate (2010, 2064) does not correspond to a key.
BOING!  The coordinate (1156, 1313) does not correspond to a key.

Beep.  The key selected at coordinate (695, 112) had "P" on it.
Beep.  The key selected at coordinate (1392, 1971) had "R" on it.
BOING!  The coordinate (287, 628) does not correspond to a key.
Beep.  The key selected at coordinate (1375, 307) had "J" on it.
Beep.  The key selected at coordinate (1661, 993) had "A" on it.
Beep.  The key selected at coordinate (1610, 1903) had "R" on it.
Beep.  The key selected at coordinate (1165, 565) had "C" on it.
Beep.  The key selected at coordinate (858, 173) had "P" on it.
BOING!  The coordinate (2010, 1336) does not correspond to a key.
BOING!  The coordinate (1166, 1933) does not correspond to a key.
BOING!  The coordinate (271, 2041) does not correspond to a key.
BOING!  The coordinate (717, 983) does not correspond to a key.
Beep.  The key selected at coordinate (1151, 762) had "C" on it.
Beep.  The key selected at coordinate (1627, 903) had "A" on it.
BOING!  The coordinate (1736, 1214) does not correspond to a key.
BOING!  The coordinate (863, 1448) does not correspond to a key.
BOING!  The coordinate (19, 2299) does not correspond to a key.
BOING!  The coordinate (49, 1683) does not correspond to a key.
BOING!  The coordinate (429, 1075) does not correspond to a key.
BOING!  The coordinate (2045, 733) does not correspond to a key.
Beep.  The key selected at coordinate (1577, 1938) had "R" on it.
BOING!  The coordinate (2435, 719) does not correspond to a key.
Beep.  The key selected at coordinate (1492, 579) had "O" on it.
Beep.  The key selected at coordinate (1101, 662) had "C" on it.
BOING!  The coordinate (2120, 1371) does not correspond to a key.
BOING!  The coordinate (1744, 1992) does not correspond to a key.
Beep.  The key selected at coordinate (1514, 2102) had "R" on it.
BOING!  The coordinate (1225, 1464) does not correspond to a key.
Beep.  The key selected at coordinate (1608, 1027) had "A" on it.
Beep.  The key selected at coordinate (1556, 2064) had "R" on it.
BOING!  The coordinate (2461, 1788) does not correspond to a key.
Beep.  The key selected at coordinate (1365, 286) had "J" on it.
Beep.  The key selected at coordinate (1395, 351) had "J" on it.
BOING!  The coordinate (1572, 2207) does not correspond to a key.
BOING!  The coordinate (42, 1239) does not correspond to a key.
Beep.  The key selected at coordinate (1030, 759) had "C" on it.
BOING!  The coordinate (1913, 102) does not correspond to a key.
BOING!  The coordinate (1135, 2121) does not correspond to a key.
Beep.  The key selected at coordinate (1499, 1009) had "A" on it.
Beep.  The key selected at coordinate (1583, 467) had "J" on it.
Beep.  The key selected at coordinate (1582, 1021) had "A" on it.
BOING!  The coordinate (1275, 452) does not correspond to a key.
BOING!  The coordinate (1845, 250) does not correspond to a key.

BOING!  The coordinate (2257, 445) does not correspond to a key.
BOING!  The coordinate (89, 225) does not correspond to a key.
Beep.  The key selected at coordinate (2291, 2062) had "J" on it.
BOING!  The coordinate (1929, 1473) does not correspond to a key.
BOING!  The coordinate (1104, 1248) does not correspond to a key.
Beep.  The key selected at coordinate (2073, 839) had "R" on it.
Beep.  The key selected at coordinate (2147, 1658) had "C" on it.
Beep.  The key selected at coordinate (2205, 1708) had "C" on it.
Beep.  The key selected at coordinate (2105, 759) had "R" on it.
BOING!  The coordinate (457, 2421) does not correspond to a key.
Beep.  The key selected at coordinate (41, 715) had "L" on it.
BOING!  The coordinate (1061, 2474) does not correspond to a key.
Beep.  The key selected at coordinate (1478, 1216) had "D" on it.
Beep.  The key selected at coordinate (1174, 2240) had "A" on it.
BOING!  The coordinate (2327, 732) does not correspond to a key.
Beep.  The key selected at coordinate (2264, 1991) had "J" on it.
Beep.  The key selected at coordinate (851, 1080) had "G" on it.
BOING!  The coordinate (681, 875) does not correspond to a key.
Beep.  The key selected at coordinate (1153, 2260) had "A" on it.
BOING!  The coordinate (1501, 1517) does not correspond to a key.
Beep.  The key selected at coordinate (1601, 2000) had "E" on it.
Beep.  The key selected at coordinate (925, 654) had "B" on it.
BOING!  The coordinate (918, 2087) does not correspond to a key.
Beep.  The key selected at coordinate (944, 1042) had "G" on it.
Beep.  The key selected at coordinate (252, 2275) had "S" on it.
BOING!  The coordinate (251, 2028) does not correspond to a key.
Beep.  The key selected at coordinate (978, 614) had "B" on it.
Beep.  The key selected at coordinate (882, 1060) had "G" on it.
BOING!  The coordinate (2127, 1501) does not correspond to a key.
Beep.  The key selected at coordinate (1640, 2035) had "E" on it.
Beep.  The key selected at coordinate (352, 1513) had "H" on it.
Beep.  The key selected at coordinate (2242, 852) had "O" on it.
Beep.  The key selected at coordinate (1152, 419) had "V" on it.
BOING!  The coordinate (847, 230) does not correspond to a key.
BOING!  The coordinate (432, 1006) does not correspond to a key.
BOING!  The coordinate (1289, 2385) does not correspond to a key.
Beep.  The key selected at coordinate (278, 2339) had "S" on it.
BOING!  The coordinate (2378, 484) does not correspond to a key.
BOING!  The coordinate (345, 1079) does not correspond to a key.
Beep.  The key selected at coordinate (1171, 230) had "V" on it.
BOING!  The coordinate (567, 1606) does not correspond to a key.
Beep.  The key selected at coordinate (1510, 1233) had "D" on it.
Beep.  The key selected at coordinate (959, 553) had "B" on it.
BOING!  The coordinate (935, 1988) does not correspond to a key.
BOING!  The coordinate (1491, 436) does not correspond to a key.
Beep.  The key selected at coordinate (1312, 1297) had "W" on it.
Beep.  The key selected at coordinate (1459, 545) had "U" on it.
Beep.  The key selected at coordinate (2275, 2072) had "J" on it.
Beep.  The key selected at coordinate (944, 515) had "B" on it.
Beep.  The key selected at coordinate (1271, 1299) had "W" on it.
Beep.  The key selected at coordinate (293, 1439) had "H" on it.
BOING!  The coordinate (1666, 65) does not correspond to a key.
Beep.  The key selected at coordinate (2372, 908) had "O" on it.
Beep.  The key selected at coordinate (804, 902) had "G" on it.
BOING!  The coordinate (471, 247) does not correspond to a key.
Beep.  The key selected at coordinate (1297, 290) had "V" on it.
Beep.  The key selected at coordinate (36, 659) had "L" on it.
BOING!  The coordinate (462, 225) does not correspond to a key.
Beep.  The key selected at coordinate (1271, 379) had "V" on it.
BOING!  The coordinate (1704, 761) does not correspond to a key.
Beep.  The key selected at coordinate (1586, 2205) had "E" on it.
Beep.  The key selected at coordinate (2051, 981) had "I" on it.
Beep.  The key selected at coordinate (2274, 2083) had "J" on it.
Beep.  The key selected at coordinate (1402, 1277) had "W" on it.
Beep.  The key selected at coordinate (2396, 1999) had "F" on it.
BOING!  The coordinate (518, 2465) does not correspond to a key.
BOING!  The coordinate (2021, 1544) does not correspond to a key.
Beep.  The key selected at coordinate (615, 1807) had "Q" on it.
BOING!  The coordinate (247, 479) does not correspond to a key.

