17.08
12.82
9.52
22.67
4.77
16.08
3.01
2.48
4.59
1.74
12.27
2.59
4.13
12.24
11.97
7.34
13.31
1.14
10.31
7.27
2.34
2.67
10.77
6.15
2.38
15.21
14.68
12.01
2.63
20.97
2.68
13.61
3.29
2.69
8.51
11.45
17.12
10.05
1.75
5.32
1.31
6.87
4.29
6.92
19.83
7.40
4.02
11.83
3.38
19.67
0.65
8.65
1.13
5.86
20.22
2.38
4.27
0.81
1.44
7.89
11.38
28.65
20.04
17.13
5.80
4.46
7.40
6.57
3.13
21.47
4.49
16.04
2.42
6.13
13.05
4.54
7.60
6.25
5.94
2.49
3.98
4.67
3.62
1.92
7.56
3.13
2.22
5.01
3.82
0.86
26.29
19.14
18.01
23.05
11.13
1.13
19.96
8.36
0.43
9.75
12.32
6.90
5.11
8.10
11.88
2.18
8.47
7.28
12.64
2.00
28.14
9.87
8.83
17.69
8.72
12.49
1.49
6.83
9.79
16.06
6.68
11.19
2.30
3.12
18.06
4.33
3.80
1.59
8.28
4.87
2.30
23.20
9.73
3.79
10.14
20.96
18.29
7.58
22.15
4.80
5.84
17.31
5.25
9.64
9.70
2.89
2.53
8.69
8.36
19.86
12.90
3.69
7.39
10.96
21.59
7.76
2.27
7.24
4.28
3.17
7.39
6.22
5.47
3.46
3.95
4.91
7.80
13.71
1.09
5.56
15.67
3.11
11.41
24.53
7.48
19.27
9.66
15.76
17.24
2.06
17.48
12.68
8.22
17.53
4.84
1.10
2.63
4.59
5.07
16.19
7.58
2.57
24.24
11.77
5.58
2.90
5.86
3.20
5.30
10.26
17.69
13.32
16.79
8.51
3.93
2.46
12.05
5.26
21.12
11.38
8.59
18.56
20.47
1.66
10.35
3.57
2.10
1.76
4.37
5.81
13.33
11.06
19.15
20.89
10.42
8.10
11.89
12.45
2.11
17.27
4.77
1.56
16.62
1.62
1.43
2.47
21.35
9.58
16.88
3.35
22.39
2.36
4.16
2.44
5.43
8.39
4.34
4.34
19.83
16.06
1.81
17.53
4.00
14.30
1.38
3.01
6.19
6.52
21.77
17.76
8.81
27.63
11.27
2.31
18.08
25.97
9.29
3.73
9.45
7.59
13.13
0.58
4.80
12.29
2.65
16.97
4.14
2.85
2.11
4.49
2.06
7.31
2.52
13.99
10.00
3.78
26.88
15.81
6.39
18.68
5.45
0.53
4.47
6.28
5.45
9.29
3.53
4.84
0.48
1.63
11.93
11.14
10.41
4.77
9.95
11.93
3.04
18.10
21.62
4.61
7.59
22.78
9.96
5.70
20.96
13.16
2.99
10.77
7.52
3.85
9.16
11.31
4.92
9.71
2.05
12.73
8.54
3.21
17.64
10.66
0.60
13.21
1.21
3.63
4.57
13.30
8.28
1.44
1.96
6.09
3.91
12.46
25.55
23.92
23.29
9.71
13.29
23.37
11.07
29.55
26.89
22.75
11.46
15.17
12.32
7.47
25.48
6.03
25.09
8.78
21.02
2.66
13.50
9.85
10.56
12.69
5.38
8.50
11.72
13.91
4.19
7.58
5.08
1.78
4.77
9.62
5.79
12.22
7.78
8.55
7.09
7.32
16.34
4.15
12.02
22.53
21.37
19.41
11.89
10.98
13.20
5.06
7.72
13.53
2.01
7.93
7.85
1.45
1.36
2.72
4.91
15.03
7.97
18.67
8.38
11.24
3.01
8.93
19.71
19.64
22.97
6.20
12.14
8.98
16.55
2.66
10.01
9.89
4.33
6.46
9.36
2.51
9.42
5.00
9.53
25.05
4.78
15.45
5.81
11.80
3.62
1.74
13.38
9.41
3.06
0.99
4.08
5.66
1.55
2.21
16.75
0.90
27.71
7.55
2.08
1.09
22.56
5.75
18.00
24.37
21.99
3.70
16.19
7.44
1.07
7.74
10.55
13.07
5.89
16.45
23.24
6.22
12.77
5.50
9.53
7.31
11.45
4.56
3.61
12.70
4.65
8.12
10.77
3.28
9.13
16.69
16.17
15.73
11.53
3.42
12.71
3.80
19.06
19.09
4.15
2.66
5.53
13.17
18.98
7.57
2.74
17.88
7.58
13.29
2.61
11.95
10.73
1.32
12.25
18.03
1.39
19.83
2.66
8.31
11.81
6.17
11.41
5.57
15.41
6.07
15.67
5.68
19.14
9.56
1.11
11.81
3.26
8.34
17.03
4.60
8.21
3.10
13.35
10.73
18.58
24.72
6.11
4.18
22.21
23.55
3.49
8.60
16.57
10.07
4.14
12.67
11.50
1.76
4.14
6.13
8.76
1.17
20.08
3.51
12.67
5.64
5.35
1.63
3.60
5.90
17.90
3.83
9.53
4.50
24.31
7.40
3.03
25.19
23.27
13.49
4.79
0.99
10.27
0.75
6.33
16.41
19.50
12.65
4.30
17.47
2.10
9.17
4.86
1.90
1.94
5.65
5.20
3.44
8.16
10.79
11.30
22.41
2.55
3.98
6.20
11.35
23.43
2.35
3.87
4.75
16.25
3.98
8.44
15.89
16.96
11.99
2.46
23.12
3.51
9.49
6.32
8.72
2.16
3.63
16.30
6.25
7.00
6.62
2.93
5.33
6.35
5.91
11.48
11.89
7.68
9.42
24.02
2.16
18.05
2.96
3.19
3.36
4.95
3.25
13.98
1.19
12.43
7.07
8.32
20.48
12.11
16.22
6.09
9.38
12.29
17.40
3.14
26.07
1.20
1.59
7.40
6.20
5.90
14.50
4.77
8.01
6.02
4.60
9.49
4.87
13.03
11.57
13.26
5.44
2.13
8.35
5.20
4.50
8.49
11.55
19.26
4.23
8.54
6.12
23.72
3.95
9.28
3.99
1.64
16.55
25.64
4.21
6.56
13.38
6.38
7.80
4.62
9.62
26.39
13.61
3.87
2.80
11.61
17.30
6.88
7.88
2.53
10.84
12.98
4.68
6.28
12.53
15.78
4.77
3.55
15.90
5.61
7.74
6.40
18.09
1.10
6.47
16.98
6.05
15.51
6.94
9.08
8.16
20.53
9.87
9.22
11.21
14.18
5.82
7.62
13.43
1.85
17.35
4.96
3.38
2.64
20.54
12.11
7.41
2.62
3.27
1.85
2.34
5.22
1.41
9.29
12.29
2.80
3.20
22.09
4.77
3.32
3.21
5.13
22.97
6.95
7.73
3.78
8.69
14.16
5.75
5.93
12.35
19.28
4.35
19.25
12.18
3.54
9.56
22.60
15.74
7.25
20.21
8.74
23.55
9.52
0.98
4.79
5.15
7.35
0.91
12.62
0.37
2.17
6.37
4.30
3.68
22.19
15.57
1.71
18.61
15.13
6.80
10.07
20.74
3.02
9.81
3.14
7.62
5.28
2.08
5.95
24.73
2.60
20.12
4.43
9.73
14.71
7.37
23.36
2.74
3.03
3.98
8.19
9.04
3.27
3.26
18.44
11.61
2.62
17.84
1.50
8.94
10.11
16.36
1.18
3.80
3.24
8.13
23.95
11.85
13.37
12.05
3.72
5.44
5.60
2.71
8.81
9.47
10.62
1.83
12.71
14.28
7.35
22.86
5.16
15.90
14.57
2.07
10.97
4.99
4.00
0.91
15.29
5.69
8.09
4.96
11.47
25.20
4.54
4.55
7.56
13.14
26.88
17.48
2.13
3.24
3.13
14.43
13.79
4.70
7.16
8.55
5.68
13.52
13.90
19.42
10.62
6.56
2.35
4.75
5.16
1.64
4.22
22.68
16.74
11.27
3.21
15.33
6.53
19.74
4.86
3.70
11.31
4.11
20.61
2.40
13.60
6.43
6.87
8.66
14.38
4.52
8.33
19.13
2.54
5.43
20.15
11.64
1.82
2.12
10.88
9.84
17.29
3.26
26.51
13.79
1.43
1.48
3.31
3.16
18.35
1.07
9.69
10.45
2.96
15.94
7.11
23.01
4.62
1.52
2.36
2.91
11.93
5.81
5.72
26.11
4.92
20.65
4.80
7.48
8.38
3.31
1.00
7.25
19.30
3.85
8.92
10.10
12.25
19.39
17.79
6.76
3.05
5.23
14.72
3.15
5.78
7.34
5.17
3.69
5.29
5.22
23.34
2.63
17.70
3.92
2.31
3.68
1.42
11.24
18.42
8.09
0.58
18.02
8.92
17.07
3.48
3.06
12.16
7.38
6.76
8.92
12.21
4.61
10.29
9.90
6.18
23.39
12.41
10.09
2.47
4.27
29.65
3.81
8.16
1.81
3.44
7.52
1.87
3.57
14.28
5.58
7.52
12.36
11.13
13.30
2.40
4.23
25.33
7.95
14.51
4.42
8.22
11.54
12.78
0.77
4.89
10.14
2.52
12.80
10.56
3.32
12.46
4.69
3.20
2.30
6.30
10.81
4.63
3.46
0.96
1.53
12.74
13.03
5.15
5.80
4.14
17.15
2.46
15.18
17.36
17.26
16.66
13.98
4.70
10.71
5.97
7.34
5.40
7.07
8.56
6.96
4.26
9.87
3.79
7.24
6.69
25.11
12.86
4.88
9.95
2.67
3.29
6.77
13.37
2.92
23.60
12.07
7.31
17.42
9.37
7.68
11.32
10.09
8.13
2.95
11.60
6.77
17.17
11.28
8.28
12.75
3.37
4.94
2.72
8.65
1.07
14.06
8.38
5.33
3.49
12.44
6.94
2.87
0.55
19.99
20.33
6.31
6.43
21.29
12.21
7.43
6.07
11.02
4.38
1.59
6.42
3.23
3.24
12.63
24.47
9.39
20.44
3.20
7.63
7.66
18.22
4.21
1.96
1.87
5.77
3.24
4.12
5.56
2.47
7.25
13.58
3.10
26.84
2.94
11.51
5.96
18.76
3.53
2.23
7.52
11.00
12.46
2.57
9.92
17.36
17.71
4.27
12.64
2.84
13.77
11.09
9.99
14.70
6.76
5.63
8.27
6.94
5.06
3.66
6.79
3.36
19.76
0.98
10.90
2.63
21.59
9.58
6.34
14.78
7.88
6.26
14.37
20.87
1.57
4.83
20.64
9.01
10.16
3.84
20.56
3.24
8.14
6.25
12.40
4.57
17.24
6.66
20.72
17.76
11.28
15.59
6.24
2.47
3.17
11.10
1.77
2.42
5.05
3.78
8.72
4.17
9.15
10.96
8.68
2.03
1.31
18.63
16.74
19.46
11.32
1.16
8.89
12.92
20.63
4.55
12.54
5.88
8.86
5.34
2.11
3.13
9.43
12.01
5.99
13.67
13.93
6.61
4.58
22.07
12.02
7.80
3.01
2.42
11.43
4.59
19.78
10.00
3.47
7.27
0.33
14.63
24.87
24.52
6.93
3.75
20.05
17.95
7.07
4.91
13.13
21.46
11.23
14.53
5.60
10.59
7.13
22.60
10.57
9.64
15.16
6.85
3.53
16.73
3.32
3.07
10.12
7.28
1.23
19.11
11.23
18.26
3.90
2.32
11.58
8.45
5.90
0.76
18.57
18.50
24.46
7.89
3.51
9.65
20.23
3.12
8.45
8.44
17.27
5.78
9.44
4.25
2.36
14.86
3.92
21.82
7.02
11.04
13.94
19.83
15.06
5.10
8.95
11.62
21.53
11.88
21.25
13.26
1.67
27.70
16.85
14.17
9.05
18.01
28.23
1.68
3.38
10.12
10.46
2.09
19.63
17.30
4.70
5.50
17.34
9.30
3.78
4.60
4.46
1.49
20.57
5.86
18.67
3.11
5.98
1.57
1.77
5.60
6.73
6.31
7.76
20.63
25.45
14.95
20.47
2.88
1.35
9.53
4.85
5.41
2.19
7.14
10.18
10.49
2.04
3.90
2.86
6.86
7.51
7.11
13.35
1.31
2.01
18.62
11.52
2.97
6.10
10.11
4.31
1.21
9.18
3.76
4.75
6.11
10.81
7.26
21.55
6.70
2.84
7.52
2.06
10.55
21.38
9.02
16.43
4.75
12.81
20.84
3.31
11.20
12.31
2.28
11.80
4.39
5.97
12.99
4.21
6.13
2.25
6.49
2.25
15.38
18.58
16.94
8.01
1.88
8.83
14.88
26.15
18.96
1.69
2.87
5.27
5.95
24.71
20.33
24.28
18.18
4.13
7.54
5.79
2.93
12.59
19.84
2.54
9.42
3.94
25.10
8.69
6.53
22.89
23.90
23.48
17.13
13.80
4.88
14.14
22.16
1.20
19.46
6.36
10.93
19.78
3.63
1.92
4.18
7.52
10.81
9.32
14.77
6.98
7.20
16.77
26.38
9.82
4.54
1.98
4.20
2.65
9.91
11.59
16.71
23.17
6.94
6.18
22.25
1.14
20.59
28.47
6.90
7.73
5.71
19.72
2.77
7.56
4.80
2.38
5.09
7.93
18.91
8.59
2.92
2.09
14.71
1.12
8.02
11.46
16.61
7.63
28.38
8.48
7.94
3.60
5.59
8.44
12.33
0.92
23.61
13.96
1.34
12.91
12.57
28.45
5.65
9.45
18.56
11.66
20.17
5.32
7.81
3.54
11.72
9.49
12.77
23.48
1.95
2.62
4.33
3.20
9.22
14.19
13.91
11.85
15.47
6.54
11.18
22.27
13.36
6.12
15.59
10.56
11.90
4.81
9.24
15.30
13.55
5.79
10.23
12.89
14.89
3.98
17.48
13.60
12.09
17.68
4.14
21.25
12.85
5.34
7.57
2.52
4.72
3.52
19.43
4.06
6.24
13.61
3.68
8.10
3.38
25.15
9.76
9.35
3.90
21.21
14.88
2.19
4.93
7.87
9.12
7.77
3.34
1.85
3.01
2.40
6.69
1.19
5.88
17.61
1.03
16.94
13.19
1.07
15.18
2.88
3.53
3.81
10.32
4.23
27.78
16.93
23.69
3.51
20.83
23.72
7.03
13.04
16.00
11.83
9.06
26.31
29.62
9.20
8.49
1.99
12.02
10.77
7.93
22.33
21.33
16.28
7.22
3.16
13.06
13.96
12.14
6.58
7.97
13.73
5.69
7.12
3.39
1.94
11.83
11.20
10.13
17.83
28.27
3.14
3.72
7.51
14.90
4.63
9.73
18.95
9.27
5.94
10.04
7.96
3.49
7.63
7.64
8.62
19.94
1.75
6.17
14.80
5.63
2.77
4.63
8.97
4.18
6.84
7.48
12.66
7.15
4.22
8.12
6.83
4.32
3.07
9.90
6.83
13.75
17.62
2.96
20.59
10.56
0.70
1.98
2.95
6.82
11.90
8.04
23.94
7.37
9.06
8.58
8.49
2.72
10.91
19.06
13.64
5.32
6.83
27.18
1.92
11.27
16.97
5.20
5.00
25.71
14.47
10.17
12.08
25.56
11.88
8.52
6.40
2.50
12.83
5.78
16.57
16.13
12.98
2.52
22.04
2.72
13.91
23.87
9.46
2.60
2.91
26.79
12.51
18.63
15.87
3.27
2.50
17.78
6.66
1.95
3.38
12.53
2.12
22.45
8.90
4.40
2.93
16.31
14.91
13.58
1.72
5.78
2.12
1.80
1.88
13.50
9.91
7.57
10.04
6.29
2.69
7.20
6.62
1.54
7.02
7.11
2.92
20.58
8.81
11.72
18.96
20.49
2.55
2.10
11.50
12.14
21.36
15.34
10.21
6.99
7.74
5.86
3.00
6.54
12.15
2.48
4.06
3.50
7.24
5.81
6.71
1.27
2.15
27.05
16.54
10.93
11.10
1.28
5.22
12.71
18.11
16.64
11.89
1.53
17.23
16.21
11.41
4.17
7.96
2.71
17.42
11.84
3.05
3.20
2.73
4.84
1.79
10.93
5.44
2.55
1.37
2.95
1.20
14.09
16.63
16.29
3.04
13.63
17.52
5.44
5.94
15.20
13.96
14.46
2.56
3.01
15.92
2.21
9.19
13.61
2.33
1.60
8.00
5.93
12.92
13.54
1.39
3.25
15.92
3.74
1.65
14.64
3.02
7.49
3.41
10.73
9.61
3.49
13.50
17.27
12.07
8.65
2.97
3.16
3.00
12.36
5.01
6.41
23.46
7.58
2.90
1.68
21.78
15.82
13.50
2.83
9.31
17.31
6.32
5.33
13.28
12.03
5.66
10.75
16.16
13.09
5.10
5.25
13.61
9.25
3.67
6.27
15.57
8.36
23.40
16.53
5.06
7.85
10.76
17.35
2.78
8.40
1.44
6.16
10.37
5.06
7.44
1.92
8.42
19.47
5.85
14.50
16.38
12.11
11.98
1.50
5.46
10.10
1.76
6.87
3.64
3.71
18.55
11.56
7.05
2.74
12.25
5.80
21.65
4.13
4.47
4.25
6.39
2.98
18.60
24.15
5.87
19.58
3.49
23.29
14.79
1.43
7.71
9.04
13.88
11.55
6.66
5.29
11.95
9.57
5.77
11.46
3.87
17.51
19.08
3.43
5.09
3.82
12.64
2.74
13.31
7.80
5.29
2.81
12.41
10.02
2.76
23.59
1.89
17.38
17.18
3.52
10.29
13.73
11.58
6.57
5.31
26.01
7.85
2.27
15.21
16.53
4.89
6.15
2.38
2.93
2.52
1.07
3.07
16.48
2.92
15.56
11.04
11.22
12.11
7.72
4.15
4.63
0.73
11.90
9.33
9.55
7.74
7.56
25.53
13.22
8.79
6.69
1.44
17.36
3.97
12.44
8.20
5.97
10.04
8.89
6.59
6.32
8.71
2.52
7.51
0.81
16.96
2.04
22.07
6.62
15.72
3.15
9.58
29.12
8.08
7.53
15.15
16.00
4.62
5.63
6.56
0.49
1.30
2.53
11.78
15.03
6.72
6.84
1.09
4.24
4.68
2.44
2.20
9.29
6.38
2.94
20.84
8.74
3.01
6.02
27.35
2.92
1.11
1.71
16.56
12.36
3.48
3.10
12.29
4.79
14.03
11.30
14.08
3.18
6.42
17.47
14.47
5.02
14.72
6.38
15.03
5.08
6.75
11.06
7.66
1.66
3.77
15.69
2.16
10.59
16.19
22.80
9.65
8.95
7.86
11.51
18.00
9.89
8.95
22.37
10.68
5.75
5.34
9.25
2.92
4.97
8.63
3.84
8.59
2.89
8.35
8.29
24.89
6.31
16.81
9.94
25.57
4.96
4.77
16.12
19.55
29.67
4.42
1.80
5.36
15.27
11.00
2.03
7.36
4.87
6.49
6.79
19.38
0.85
0.76
10.30
8.36
7.49
8.56
7.49
20.52
3.47
0.84
2.61
6.76
24.67
8.15
19.58
4.39
4.66
17.06
11.14
6.08
11.82
1.64
16.33
5.39
0.83
4.25
18.83
16.71
20.52
17.41
16.43
13.24
6.49
0.82
9.96
2.08
7.86
11.93
9.26
8.50
8.28
16.01
23.43
7.14
3.23
5.84
3.21
9.34
15.18
5.31
2.79
11.27
8.14
18.11
1.48
11.08
24.44
19.80
3.48
2.73
3.77
2.75
3.51
18.38
3.79
5.21
4.14
10.97
12.29
0.70
7.15
1.47
9.81
19.97
16.67
13.86
2.19
4.10
13.00
16.40
15.40
3.14
4.83
7.99
13.77
4.49
24.09
12.82
16.38
1.85
10.02
13.52
2.01
6.65
18.40
23.10
4.86
21.15
17.73
9.62
8.07
5.54
16.54
23.99
5.43
2.50
4.65
10.05
20.52
5.48
2.37
10.32
19.62
1.89
7.79
2.73
2.28
12.37
9.75
6.93
6.95
1.19
5.90
16.88
13.67
1.28
5.25
12.22
13.35
5.94
11.79
12.25
3.16
9.85
2.49
2.20
18.12
4.18
3.37
9.22
10.22
3.48
6.79
15.51
7.94
9.63
6.71
20.00
13.51
2.43
13.00
1.44
5.89
11.00
11.61
12.78
7.54
6.19
9.77
5.52
2.78
8.25
3.18
5.46
17.10
8.87
2.79
4.00
16.02
11.38
10.33
10.67
6.04
22.52
1.70
1.22
1.93
12.36
11.90
5.92
2.73
11.61
1.22
3.84
6.28
13.51
2.65
12.09
16.89
12.80
2.17
20.81
9.60
7.90
3.06
9.35
10.17
25.78
3.00
4.51
28.95
20.83
17.61
3.91
17.39
10.86
12.92
1.73
5.26
12.69
20.17
13.28
15.11
4.93
5.26
6.22
18.19
3.68
2.00
15.72
2.29
14.94
11.90
14.19
7.78
1.66
17.70
3.24
5.99
7.35
5.28
4.15
6.02
16.23
3.57
1.59
11.18
10.56
14.38
2.43
3.70
3.05
3.56
2.05
3.17
21.19
4.44
6.64
3.70
19.42
5.21
4.54
1.54
3.21
3.95
17.47
1.35
7.49
7.41
7.73
11.72
5.12
8.12
3.52
7.55
9.24
16.73
10.42
17.18
5.00
9.71
1.86
9.00
1.03
3.13
13.21
14.76
4.76
13.18
1.74
21.65
10.66
15.11
18.86
21.70
6.45
15.08
1.64
7.41
9.08
11.34
10.53
2.53
8.87
7.86
5.01
11.86
4.06
2.84
7.20
6.83
7.27
12.42
8.11
9.89
8.89
4.03
4.54
9.48
14.62
1.63
2.85
8.00
3.45
4.42
3.31
5.55
17.96
9.95
7.83
3.23
10.03
9.34
10.68
15.70
15.47
19.96
19.12
8.50
5.61
4.58
11.57
8.27
11.97
12.70
7.40
9.78
7.92
8.18
4.14
9.11
4.95
9.58
13.30
5.60
4.75
12.21
10.61
18.28
7.87
3.88
15.63
14.86
12.10
7.53
6.90
7.89
16.65
4.33
9.30
10.73
9.90
10.16
19.06
4.59
13.22
2.83
3.51
2.02
6.36
29.74
1.70
26.54
2.60
3.86
1.46
10.24
8.79
6.54
18.04
8.44
16.00
3.81
5.32
9.56
3.24
8.58
18.12
9.17
10.22
12.18
19.27
15.25
5.37
3.06
3.07
23.17
18.06
14.25
2.46
5.17
17.82
5.94
17.83
9.95
15.12
8.17
11.38
9.50
4.59
14.73
4.79
4.71
1.47
1.68
6.51
8.39
2.13
13.49
10.76
9.99
15.17
13.29
4.50
4.35
7.39
2.97
3.02
5.10
8.48
6.54
5.14
6.73
2.86
2.20
9.34
18.48
1.01
10.30
3.14
3.67
20.53
1.26
7.17
23.13
5.23
5.24
6.69
10.55
5.86
9.02
5.50
5.52
15.87
3.52
2.52
3.62
1.37
10.78
8.61
18.22
4.59
20.75
9.35
3.34
24.54
14.34
2.85
18.52
27.76
16.64
13.66
7.40
2.15
8.18
5.16
9.13
4.77
7.33
2.73
9.66
3.46
0.88
0.97
12.15
18.44
16.36
7.61
21.59
19.40
16.02
6.30
13.04
20.87
7.70
16.10
4.96
3.90
10.46
2.47
27.34
2.88
10.17
24.30
6.30
2.34
9.63
0.57
15.47
15.16
3.77
14.47
9.45
1.68
4.65
4.56
5.56
9.57
7.78
12.76
13.84
13.08
17.28
29.01
6.64
7.27
19.36
19.54
18.99
10.53
14.81
5.43
6.84
20.43
1.90
12.65
14.51
19.27
9.11
12.37
7.94
3.61
13.42
14.81
19.53
3.29
2.92
2.23
11.23
22.60
11.05
3.92
7.55
1.23
8.58
2.03
7.79
11.95
3.78
12.21
10.59
3.72
1.02
17.31
8.07
0.77
1.24
6.25
1.96
13.27
13.57
7.54
7.23
2.67
7.70
4.54
8.84
7.43
7.51
7.45
1.79
19.58
2.22
2.65
2.32
4.79
16.13
10.27
3.25
3.77
12.42
8.88
2.32
5.80
6.60
22.58
1.02
7.23
14.20
7.35
4.24
5.93
8.82
2.71
2.34
12.03
8.92
6.35
9.02
7.71
8.88
16.50
12.83
20.39
8.83
7.92
3.00
12.27
17.98
2.32
1.95
5.35
10.71
1.63
5.54
13.89
6.53
19.62
14.09
5.95
6.80
18.60
14.59
8.95
2.37
16.23
3.08
6.78
4.07
2.92
6.85
1.94
9.65
2.01
12.77
1.19
6.89
11.79
13.54
13.60
4.54
11.15
3.89
4.00
24.70
6.55
6.27
23.77
6.63
4.28
24.67
19.84
16.15
2.19
4.73
5.51
15.98
4.44
4.62
18.87
17.46
10.57
3.02
5.98
12.21
9.00
6.18
11.39
2.34
4.64
4.29
17.78
4.82
15.97
14.35
2.64
5.22
9.99
1.39
3.95
2.88
7.84
1.73
6.97
6.97
13.20
2.98
10.85
1.89
29.45
3.62
2.14
2.66
2.59
8.23
5.46
13.82
1.77
2.78
11.65
20.09
23.23
6.32
23.19
8.33
10.12
9.53
8.92
6.55
13.52
6.22
4.86
4.72
9.16
2.42
0.55
12.62
3.18
6.58
4.18
5.16
12.63
8.28
7.35
16.61
10.90
10.63
7.17
3.41
3.70
22.95
13.16
4.95
8.81
3.17
8.64
2.42
7.98
5.26
16.71
6.92
8.34
4.04
12.36
17.93
10.63
22.80
14.88
16.55
11.92
13.66
4.86
20.46
27.72
6.16
15.95
11.13
6.81
15.33
1.05
4.60
2.16
6.96
20.04
3.11
11.10
2.86
11.46
4.37
1.39
14.82
12.08
7.53
6.22
11.30
2.63
1.93
16.23
0.55
11.48
11.58
1.99
4.21
5.89
6.76
10.06
14.24
4.85
23.06
6.16
11.63
5.46
21.16
5.23
6.48
2.01
6.40
9.76
10.03
3.70
15.23
18.86
7.47
2.69
6.81
2.85
13.08
8.69
20.63
0.97
17.64
4.69
10.14
1.79
16.73
8.47
10.75
10.36
4.08
11.92
6.99
7.67
5.59
2.84
3.54
3.44
10.38
16.93
17.84
11.76
1.27
9.36
12.32
3.71
1.98
16.00
16.52
4.53
0.78
3.89
10.76
12.23
2.26
3.96
3.45
10.55
20.71
2.46
6.89
3.35
3.02
5.92
4.17
1.20
6.47
2.90
20.29
1.38
4.15
10.46
1.70
1.19
3.77
14.71
4.63
18.18
13.09
4.40
9.25
14.06
23.81
7.97
5.16
16.91
19.98
13.46
12.27
18.66
25.43
7.72
0.95
6.98
20.18
2.27
6.94
16.63
6.38
12.82
25.31
17.33
5.38
14.63
17.12
15.73
3.12
15.78
4.15
18.32
8.25
19.64
2.64
18.39
18.77
5.76
5.47
4.28
6.34
9.24
4.15
16.01
17.53
9.05
2.29
11.56
10.46
11.91
13.53
10.87
11.53
13.97
18.33
14.35
6.02
22.95
5.43
8.66
22.66
4.03
25.68
7.72
13.38
8.65
0.89
7.00
6.91
4.80
5.11
2.42
0.79
12.54
2.79
1.55
27.58
23.44
11.46
19.88
10.97
11.31
6.73
3.91
13.99
12.84
24.98
17.31
20.62
5.32
3.85
3.83
12.94
7.11
1.93
15.49
13.40
2.60
5.82
8.48
11.83
4.50
10.48
7.80
3.39
6.85
5.08
7.81
12.57
12.93
18.91
4.58
6.29
20.81
2.75
13.33
4.96
5.10
1.19
2.63
17.14
2.11
2.94
2.22
4.91
4.53
7.31
16.60
5.84
4.27
2.33
2.53
5.49
14.20
4.94
16.80
6.54
0.57
2.23
11.13
16.31
8.20
13.20
7.72
4.90
4.07
3.79
22.81
20.96
4.63
1.82
7.77
13.19
8.12
8.85
2.11
2.53
8.26
5.17
21.39
10.58
13.83
15.19
6.87
3.63
4.50
14.04
21.88
2.24
10.71
2.92
1.42
7.96
12.90
21.20
12.01
8.34
14.20
2.24
6.77
5.57
4.22
9.44
16.59
7.80
11.34
5.14
12.69
4.85
11.68
24.13
14.37
11.66
10.22
12.82
2.94
4.03
4.14
6.11
10.97
15.89
22.31
5.45
4.61
2.28
15.77
4.79
4.94
13.43
2.59
22.11
17.45
7.10
16.79
9.37
24.36
3.62
8.48
17.41
4.08
8.24
2.66
1.15
2.86
8.37
3.72
16.81
27.41
9.81
7.19
6.08
23.32
13.16
2.00
9.42
16.41
20.72
13.31
0.53
2.21
8.68
1.55
13.97
7.21
23.75
8.09
4.72
20.97
4.00
6.98
11.11
14.23
3.40
3.29
21.46
18.65
4.96
3.65
8.75
16.57
7.77
5.78
11.18
5.47
6.30
16.18
2.84
6.70
2.50
6.86
5.76
19.80
23.14
1.98
22.21
13.78
11.07
26.77
11.20
12.76
6.14
11.60
3.46
4.45
4.32
12.94
1.28
22.92
5.07
8.71
10.79
3.44
2.34
20.38
2.45
4.42
3.29
21.41
5.00
16.98
17.74
16.16
3.04
14.76
2.14
18.19
12.06
10.73
3.95
5.14
7.35
12.25
4.74
26.86
3.42
8.06
17.52
10.44
3.85
13.41
1.06
15.82
9.42
3.84
5.95
11.32
24.87
7.67
24.84
7.09
4.08
21.92
18.27
1.91
1.10
11.87
7.34
8.25
10.45
10.42
15.00
4.48
15.77
5.86
6.73
22.02
5.79
3.99
8.76
2.33
11.96
4.10
6.02
11.09
9.72
1.80
8.67
4.84
18.79
5.00
4.79
12.89
11.51
11.18
15.61
8.94
11.38
25.75
26.30
4.74
12.54
13.60
14.71
3.14
7.33
18.16
11.31
1.62
22.33
1.91
22.23
11.59
3.93
8.12
6.33
6.34
12.29
22.20
15.11
7.18
17.96
11.33
3.44
12.20
12.94
4.92
2.71
9.18
3.08
5.97
6.85
14.50
17.90
2.21
13.80
5.79
4.01
2.84
17.05
2.50
10.90
6.12
8.52
14.70
16.23
14.88
4.85
3.83
1.18
9.17
8.62
0.90
2.54
3.79
5.28
10.02
24.79
9.99
5.52
23.72
3.28
14.30
3.99
12.16
10.49
0.95
12.60
23.50
6.97
2.65
6.82
16.56
19.54
13.89
14.84
13.82
5.84
5.27
20.19
4.72
4.94
10.53
4.04
3.57
11.44
16.22
5.00
12.46
4.46
18.29
16.40
3.85
4.75
3.39
0.84
6.95
1.69
14.80
9.12
10.38
3.29
4.66
6.03
25.20
17.05
7.31
1.39
12.53
8.61
16.45
17.69
13.38
24.59
6.58
16.20
2.46
6.65
24.27
6.11
16.81
2.76
12.68
6.21
1.83
15.45
5.03
21.65
20.47
0.78
6.01
6.93
20.05
22.12
14.68
5.21
1.44
2.95
8.30
8.92
7.58
18.16
6.08
5.72
6.27
16.47
2.24
4.92
12.58
5.42
7.11
3.36
5.87
4.46
17.18
14.97
12.93
4.05
5.50
7.64
10.05
3.00
10.81
17.89
4.90
11.58
2.28
11.93
5.79
3.98
8.49
1.83
10.42
3.11
1.58
5.35
27.31
6.06
4.19
1.65
4.98
16.66
4.23
7.49
7.31
5.84
20.09
14.53
7.76
9.65
12.80
3.58
5.06
8.75
6.31
15.66
9.55
3.12
16.27
8.60
3.35
7.24
13.22
11.68
18.92
16.47
10.26
9.45
4.05
6.76
1.26
1.27
23.97
4.30
7.17
10.83
14.83
24.10
7.01
11.65
5.34
13.60
16.45
3.79
1.41
5.99
7.29
8.40
10.67
3.86
16.65
2.40
8.02
2.62
3.73
1.29
11.29
15.77
13.51
1.28
8.86
12.78
8.77
14.37
8.57
13.43
6.40
15.94
2.35
15.05
8.36
1.76
8.57
12.17
0.72
12.58
6.41
16.96
3.12
5.09
14.96
3.61
11.35
8.14
4.22
3.41
12.18
3.50
6.65
1.03
6.13
0.96
0.81
10.12
10.36
12.15
14.40
0.49
2.04
14.72
2.44
18.77
8.76
5.71
11.35
7.15
22.36
13.18
15.46
8.55
27.71
6.15
4.63
12.33
7.62
4.97
4.03
1.24
3.27
12.20
12.17
10.77
9.06
7.77
7.65
5.80
6.25
0.98
2.88
2.77
26.07
2.04
8.71
0.64
4.17
10.77
5.52
8.20
1.96
1.94
4.09
21.36
16.05
4.01
1.49
3.36
13.39
14.69
21.07
1.08
21.44
4.40
6.79
12.00
5.06
12.18
7.47
10.11
10.58
8.99
4.54
19.36
6.24
10.49
21.42
1.16
9.72
10.75
3.90
3.90
8.03
13.04
22.17
16.84
13.22
2.91
4.95
8.16
15.35
15.15
11.84
4.51
13.75
8.23
5.82
17.56
2.74
0.53
6.04
14.87
3.43
7.58
11.86
2.79
6.71
5.08
5.78
15.71
6.72
15.15
1.11
5.30
21.21
12.04
4.57
8.65
8.66
4.93
3.58
12.39
3.69
6.38
1.24
9.52
1.54
11.74
12.03
21.53
11.12
4.83
20.56
2.70
7.94
8.35
5.87
9.12
7.16
8.68
15.22
19.87
3.12
21.47
15.24
4.18
0.47
10.18
10.29
17.34
12.88
6.71
15.86
2.88
1.66
6.62
6.57
4.58
4.94
13.56
11.29
6.68
2.09
11.22
13.91
14.10
5.78
3.96
10.12
4.82
13.25
1.38
9.17
6.27
6.94
15.55
6.61
7.18
13.40
0.49
4.74
1.22
3.54
4.21
7.39
5.54
14.26
14.03
12.91
11.28
13.89
1.65
9.03
5.20
4.57
5.76
5.78
0.80
5.63
10.07
1.26
6.94
6.31
10.56
13.23
5.03
6.88
8.64
14.48
4.32
4.79
3.35
5.81
19.48
4.85
15.19
7.60
7.69
7.06
15.49
14.18
15.89
21.70
3.16
6.29
6.42
11.77
11.51
9.61
5.69
4.07
17.99
3.03
6.31
5.33
3.97
12.50
2.47
1.35
5.14
5.44
26.55
2.10
2.74
13.51
7.38
2.25
11.59
4.23
12.93
8.67
2.22
10.72
2.06
7.93
1.65
3.65
1.62
9.58
5.11
3.68
10.89
10.15
0.95
7.39
22.26
7.87
19.74
1.42
2.58
8.02
14.65
11.54
12.60
10.08
13.61
14.59
1.45
2.18
13.73
16.41
24.04
4.73
4.44
4.14
6.04
3.51
4.22
6.61
4.68
12.75
8.88
1.95
11.92
11.63
12.08
7.92
17.17
1.45
10.35
4.83
11.40
6.41
14.26
16.43
27.84
13.06
16.90
21.33
0.85
6.02
23.17
6.56
10.97
17.52
9.40
25.64
8.52
1.56
3.70
9.86
11.25
6.94
1.19
6.63
3.94
13.05
3.05
7.70
8.50
4.62
8.63
12.94
10.20
19.65
0.65
26.49
5.78
1.86
24.47
5.13
5.58
12.48
17.26
2.12
20.23
11.53
13.12
1.60
13.01
4.13
17.18
7.42
14.30
15.59
4.98
12.65
25.46
3.24
11.79
5.39
17.75
24.99
7.22
11.52
22.78
13.28
5.71
2.13
14.60
11.71
2.07
6.65
2.76
2.64
9.36
19.36
2.51
4.24
4.39
7.93
1.81
5.00
11.62
8.22
11.40
5.82
17.55
9.51
2.39
13.83
8.12
12.41
2.48
2.53
6.02
17.72
2.24
13.50
12.64
7.84
1.72
2.18
6.12
9.59
1.25
13.45
12.28
2.18
19.54
8.44
13.52
8.58
14.79
7.08
1.67
4.41
6.59
2.78
17.84
20.82
5.50
5.89
5.77
3.41
1.43
8.43
13.82
4.84
6.84
7.76
25.53
5.73
17.85
17.93
11.68
2.56
3.08
3.60
1.30
5.08
13.15
4.16
3.58
11.94
6.11
4.26
0.83
8.45
10.24
14.96
5.17
5.04
14.86
8.81
4.20
2.95
2.47
12.70
20.41
26.04
14.43
8.00
10.49
5.31
14.30
8.22
16.95
3.27
10.14
16.13
1.87
14.54
8.93
4.79
21.12
4.76
2.12
3.70
27.61
1.97
6.50
21.71
5.00
4.52
4.72
8.37
8.84
14.39
1.88
8.59
2.64
7.99
17.70
5.42
14.70
14.84
10.05
1.75
6.75
6.20
10.82
6.07
21.13
6.07
3.03
6.98
8.91
14.55
1.96
21.00
2.20
1.39
7.03
3.19
5.89
12.84
2.53
2.44
7.20
1.63
7.82
3.39
23.60
20.50
3.02
25.05
6.17
2.23
3.67
14.97
3.68
5.62
15.20
12.69
2.66
2.64
6.06
1.93
1.30
10.97
3.89
14.40
1.44
12.44
9.32
3.31
18.16
4.22
11.68
5.50
5.65
7.28
3.35
16.90
0.99
1.76
11.45
3.37
6.72
7.27
12.62
9.18
1.58
1.99
3.88
5.56
23.07
1.11
2.80
6.81
3.24
2.10
7.18
14.61
21.69
13.82
22.43
13.31
18.17
11.69
9.69
15.41
3.77
9.24
4.03
20.95
15.37
6.68
6.47
9.86
7.29
12.02
7.63
5.38
4.98
1.97
4.11
2.44
1.61
5.31
8.33
3.03
8.34
6.87
16.26
16.54
13.00
4.01
15.42
9.65
5.93
3.19
4.93
9.15
3.97
3.54
19.29
6.88
20.84
21.69
6.23
3.60
10.66
2.51
8.59
7.93
2.37
20.50
1.14
12.37
7.15
1.82
7.76
5.92
6.91
5.85
7.25
11.51
10.47
5.24
6.97
7.07
20.65
2.63
8.34
13.44
3.84
15.34
15.33
4.17
0.50
21.72
29.51
9.19
4.72
5.27
15.49
7.31
1.56
5.23
3.08
7.89
3.19
17.31
3.69
7.28
4.21
3.63
9.39
2.63
14.58
11.88
7.15
22.47
1.45
14.87
6.03
9.95
4.96
1.82
0.67
12.31
19.44
18.48
7.80
11.88
0.97
13.91
7.46
1.70
0.54
19.12
17.47
1.46
18.00
3.51
3.28
17.36
17.24
9.92
12.33
15.33
10.43
2.54
3.46
9.32
1.65
10.41
9.94
16.49
2.02
9.56
23.00
8.67
7.16
1.79
1.62
0.78
14.94
13.22
5.10
10.83
13.70
5.42
10.54
12.19
12.75
10.32
15.18
8.10
7.14
9.96
2.38
1.97
5.12
28.04
20.22
8.71
17.81
9.93
7.24
13.72
4.22
8.39
13.15
13.35
4.45
17.00
10.66
11.85
23.00
8.31
8.26
4.80
12.66
10.97
14.26
1.69
23.32
1.96
21.16
11.89
6.01
8.48
13.64
5.58
9.20
1.83
12.58
5.60
3.58
10.27
3.42
6.56
2.19
22.66
6.92
2.15
11.19
9.90
4.89
9.07
4.93
6.29
4.13
1.54
1.42
12.43
16.32
11.26
5.48
17.42
9.57
1.68
1.01
3.87
18.20
1.45
3.31
2.31
7.63
0.59
1.84
17.48
4.26
22.81
12.27
10.91
6.97
11.00
14.64
5.80
8.30
7.66
27.89
5.46
15.34
15.48
12.50
6.35
4.11
8.09
3.51
6.66
29.09
19.92
21.02
8.87
1.19
11.54
7.48
9.92
15.51
3.78
7.54
10.09
1.57
7.75
6.86
15.72
13.62
1.67
8.87
10.52
9.16
7.18
7.02
6.91
1.93
8.43
5.47
2.85
1.18
1.43
16.01
2.79
1.30
14.66
8.83
6.02
18.54
8.44
3.23
26.33
6.49
2.30
15.12
24.05
8.14
28.07
9.21
1.29
7.50
3.73
2.12
19.58
5.83
4.86
6.74
0.88
0.94
1.51
27.02
1.68
8.65
15.88
10.67
18.73
11.30
9.24
3.95
17.40
6.29
16.08
1.21
16.41
1.50
27.92
20.48
9.13
8.08
5.19
5.27
6.13
12.45
1.10
12.78
11.47
21.77
21.38
2.62
22.07
1.09
4.07
9.04
21.93
14.28
3.33
20.31
2.94
8.67
9.71
14.14
2.75
5.64
12.08
5.04
2.07
1.61
10.09
21.40
9.92
19.63
4.32
16.62
7.69
3.87
2.23
3.94
10.70
21.72
11.73
2.93
8.55
6.24
18.05
23.71
3.17
10.45
22.16
4.95
8.97
1.50
8.20
14.77
12.67
5.28
12.17
10.57
4.10
6.14
17.04
23.07
10.20
2.86
8.07
5.73
16.75
26.52
8.52
11.24
18.51
5.35
11.24
7.66
2.40
9.04
17.16
5.66
10.08
6.46
9.07
3.44
4.02
4.10
14.62
12.66
1.24
14.27
20.85
6.12
7.96
1.21
14.56
11.52
5.99
1.11
26.84
0.35
7.80
3.08
5.54
2.69
6.60
13.19
7.59
11.83
4.08
2.99
6.92
22.06
18.46
9.36
5.65
2.96
5.65
2.93
4.20
4.36
17.37
3.85
2.46
10.38
0.51
10.33
2.01
11.23
3.62
6.23
20.45
5.51
4.49
7.74
1.43
2.32
11.87
19.72
6.57
24.92
2.23
4.94
13.52
8.10
6.45
3.55
22.74
1.74
3.57
11.04
22.10
4.67
14.64
18.53
2.85
3.54
4.36
1.06
5.07
3.34
2.40
1.68
12.70
9.96
16.29
6.53
9.32
19.85
29.28
4.64
8.11
10.96
6.40
3.12
3.49
2.80
2.80
17.32
4.04
1.28
14.10
4.14
12.78
6.42
1.41
10.39
4.81
6.72
7.13
4.91
19.81
8.16
9.09
7.42
5.66
19.93
6.80
6.09
14.24
14.01
6.70
18.33
14.81
5.43
27.88
18.88
11.60
5.22
26.44
19.95
18.80
4.28
9.31
18.58
24.11
5.62
4.06
2.82
2.79
4.89
2.49
9.74
22.00
3.97
9.99
9.44
7.18
0.68
9.70
18.71
21.83
1.86
4.83
4.61
2.55
10.63
1.84
5.15
12.67
8.66
12.01
8.64
9.86
3.59
3.92
0.87
14.19
4.02
10.74
21.34
2.97
2.50
10.54
15.99
3.94
4.95
15.67
4.44
14.20
13.29
3.83
21.32
6.48
10.49
15.12
7.16
2.53
7.48
10.88
9.35
19.51
12.76
15.65
4.91
6.82
18.20
17.58
0.79
6.19
2.78
3.08
10.29
5.82
10.39
9.38
2.63
4.47
5.93
3.01
3.98
1.64
14.66
10.60
10.08
16.51
14.29
24.66
10.85
7.74
23.15
8.20
1.45
7.08
18.44
6.41
13.51
2.20
6.16
13.96
5.51
9.39
9.46
15.86
10.35
6.87
9.40
5.12
4.19
5.46
17.85
4.12
10.77
9.21
1.93
14.43
7.80
7.33
6.80
3.02
10.35
25.21
16.72
1.24
18.12
18.32
7.80
11.24
11.60
4.32
4.60
1.43
3.57
11.38
10.28
28.29
6.22
2.56
9.32
5.17
5.37
10.57
24.27
1.21
5.83
1.27
2.14
11.30
11.63
18.97
10.09
1.72
4.15
8.92
9.60
10.50
17.54
11.06
3.73
20.56
0.88
3.36
9.95
3.58
4.20
15.78
0.84
11.34
21.37
4.68
20.04
2.53
7.01
7.61
12.85
4.80
3.14
0.95
4.90
10.33
8.49
5.87
16.49
4.41
12.82
8.80
5.71
2.22
15.64
4.98
3.05
3.90
7.76
6.08
5.07
21.90
3.17
9.40
11.31
2.62
18.77
0.95
21.34
9.28
8.47
15.80
8.02
4.97
7.36
5.92
1.75
3.59
4.25
14.80
7.67
2.06
0.99
0.59
10.38
16.56
8.28
4.52
4.45
17.56
6.19
3.41
10.11
3.49
6.93
10.98
21.23
0.84
1.27
2.30
11.85
3.23
23.41
27.89
1.36
22.18
1.68
5.05
6.24
1.72
8.18
20.94
5.11
16.04
14.38
15.39
5.82
10.49
12.41
15.35
28.03
0.55
13.96
4.91
10.58
7.31
1.61
8.16
9.46
21.37
2.17
8.77
21.61
5.65
20.44
5.81
18.55
3.87
15.00
4.57
19.66
6.51
6.67
12.20
4.79
1.80
7.52
14.55
15.17
5.49
0.37
18.43
